2023-05-06T13:48:39.042496+00:00 INFO 'ansible_navigator.setup_logger' New ansible-navigator instance, logging initialized
2023-05-06T13:48:39.043058+00:00 INFO 'ansible_navigator.setup_logger' New ansible-runner instance, logging initialized
2023-05-06T13:48:39.043157+00:00 DEBUG 'ansible_navigator.main' Babel==2.8.0 
2023-05-06T13:48:39.043229+00:00 DEBUG 'ansible_navigator.main' Jinja2==3.0.3 
2023-05-06T13:48:39.043296+00:00 DEBUG 'ansible_navigator.main' Mako==1.1.3 
2023-05-06T13:48:39.043360+00:00 DEBUG 'ansible_navigator.main' MarkupSafe==2.0.1 
2023-05-06T13:48:39.043444+00:00 DEBUG 'ansible_navigator.main' Parsley==1.3 
2023-05-06T13:48:39.043515+00:00 DEBUG 'ansible_navigator.main' Pillow==9.0.1 
2023-05-06T13:48:39.043585+00:00 DEBUG 'ansible_navigator.main' PyGObject==3.42.1 
2023-05-06T13:48:39.043649+00:00 DEBUG 'ansible_navigator.main' PyJWT==2.3.0 
2023-05-06T13:48:39.043713+00:00 DEBUG 'ansible_navigator.main' PyNaCl==1.5.0 
2023-05-06T13:48:39.043776+00:00 DEBUG 'ansible_navigator.main' PyYAML==5.4.1 
2023-05-06T13:48:39.043840+00:00 DEBUG 'ansible_navigator.main' SecretStorage==3.3.1 
2023-05-06T13:48:39.043909+00:00 DEBUG 'ansible_navigator.main' ansible-base==2.10.8 
2023-05-06T13:48:39.043986+00:00 DEBUG 'ansible_navigator.main' ansible-builder==3.0.0rc2 
2023-05-06T13:48:39.044055+00:00 DEBUG 'ansible_navigator.main' ansible-navigator==3.2.0 
2023-05-06T13:48:39.044131+00:00 DEBUG 'ansible_navigator.main' ansible-runner==2.3.2 
2023-05-06T13:48:39.044195+00:00 DEBUG 'ansible_navigator.main' apache-libcloud==3.2.0 
2023-05-06T13:48:39.044259+00:00 DEBUG 'ansible_navigator.main' argcomplete==1.8.1 /usr/lib/python3/dist-packages/argcomplete/__init__.py
2023-05-06T13:48:39.044322+00:00 DEBUG 'ansible_navigator.main' bcrypt==3.2.0 /usr/lib/python3/dist-packages/bcrypt/__init__.py
2023-05-06T13:48:39.044386+00:00 DEBUG 'ansible_navigator.main' bindep==2.11.0 /home/denzellgil/.local/lib/python3.10/site-packages/bindep/__init__.py
2023-05-06T13:48:39.044630+00:00 DEBUG 'ansible_navigator.main' certifi==2020.6.20 /usr/lib/python3/dist-packages/certifi/__init__.py
2023-05-06T13:48:39.044754+00:00 DEBUG 'ansible_navigator.main' cffi==1.15.1 /home/denzellgil/.local/lib/python3.10/site-packages/cffi/__init__.py
2023-05-06T13:48:39.044825+00:00 DEBUG 'ansible_navigator.main' chardet==4.0.0 /usr/lib/python3/dist-packages/chardet/__init__.py
2023-05-06T13:48:39.044907+00:00 DEBUG 'ansible_navigator.main' click==8.0.3 /usr/lib/python3/dist-packages/click/__init__.py
2023-05-06T13:48:39.044975+00:00 DEBUG 'ansible_navigator.main' colorama==0.4.4 /usr/lib/python3/dist-packages/colorama/__init__.py
2023-05-06T13:48:39.045039+00:00 DEBUG 'ansible_navigator.main' cryptography==3.4.8 /usr/lib/python3/dist-packages/cryptography/__init__.py
2023-05-06T13:48:39.045143+00:00 DEBUG 'ansible_navigator.main' dbus-python==1.2.18 
2023-05-06T13:48:39.045216+00:00 DEBUG 'ansible_navigator.main' defer==1.0.6 /usr/lib/python3/dist-packages/defer/__init__.py
2023-05-06T13:48:39.045280+00:00 DEBUG 'ansible_navigator.main' distro-info==1.1build1 
2023-05-06T13:48:39.045344+00:00 DEBUG 'ansible_navigator.main' distro==1.7.0 /usr/lib/python3/dist-packages/distro/__init__.py
2023-05-06T13:48:39.045407+00:00 DEBUG 'ansible_navigator.main' dnspython==2.1.0 
2023-05-06T13:48:39.045471+00:00 DEBUG 'ansible_navigator.main' docutils==0.19 /home/denzellgil/.local/lib/python3.10/site-packages/docutils/__init__.py
2023-05-06T13:48:39.045550+00:00 DEBUG 'ansible_navigator.main' duplicity==0.8.21 /usr/lib/python3/dist-packages/duplicity/__init__.py
2023-05-06T13:48:39.045613+00:00 DEBUG 'ansible_navigator.main' fasteners==0.14.1 /usr/lib/python3/dist-packages/fasteners/__init__.py
2023-05-06T13:48:39.045674+00:00 DEBUG 'ansible_navigator.main' future==0.18.2 /usr/lib/python3/dist-packages/future/__init__.py
2023-05-06T13:48:39.045735+00:00 DEBUG 'ansible_navigator.main' httplib2==0.20.2 /usr/lib/python3/dist-packages/httplib2/__init__.py
2023-05-06T13:48:39.045797+00:00 DEBUG 'ansible_navigator.main' idna==3.3 /usr/lib/python3/dist-packages/idna/__init__.py
2023-05-06T13:48:39.045871+00:00 DEBUG 'ansible_navigator.main' importlib-metadata==4.6.4 
2023-05-06T13:48:39.045947+00:00 DEBUG 'ansible_navigator.main' jmespath==0.10.0 /usr/lib/python3/dist-packages/jmespath/__init__.py
2023-05-06T13:48:39.046016+00:00 DEBUG 'ansible_navigator.main' keyring==23.5.0 /usr/lib/python3/dist-packages/keyring/__init__.py
2023-05-06T13:48:39.046079+00:00 DEBUG 'ansible_navigator.main' language-selector==0.1 
2023-05-06T13:48:39.046144+00:00 DEBUG 'ansible_navigator.main' launchpadlib==1.10.16 /usr/lib/python3/dist-packages/launchpadlib/__init__.py
2023-05-06T13:48:39.046211+00:00 DEBUG 'ansible_navigator.main' lazr.restfulclient==0.14.4 /usr/lib/python3/dist-packages/lazr/restfulclient/__init__.py
2023-05-06T13:48:39.046273+00:00 DEBUG 'ansible_navigator.main' lazr.uri==1.0.6 /usr/lib/python3/dist-packages/lazr/uri/__init__.py
2023-05-06T13:48:39.046336+00:00 DEBUG 'ansible_navigator.main' lockfile==0.12.2 /usr/lib/python3/dist-packages/lockfile/__init__.py
2023-05-06T13:48:39.046398+00:00 DEBUG 'ansible_navigator.main' macaroonbakery==1.3.1 /usr/lib/python3/dist-packages/macaroonbakery/__init__.py
2023-05-06T13:48:39.046459+00:00 DEBUG 'ansible_navigator.main' monotonic==1.6 /usr/lib/python3/dist-packages/monotonic.py
2023-05-06T13:48:39.046521+00:00 DEBUG 'ansible_navigator.main' more-itertools==8.10.0 
2023-05-06T13:48:39.046584+00:00 DEBUG 'ansible_navigator.main' netaddr==0.8.0 /usr/lib/python3/dist-packages/netaddr/__init__.py
2023-05-06T13:48:39.046645+00:00 DEBUG 'ansible_navigator.main' netifaces==0.11.0 /usr/lib/python3/dist-packages/netifaces.cpython-310-x86_64-linux-gnu.so
2023-05-06T13:48:39.046707+00:00 DEBUG 'ansible_navigator.main' ntlm-auth==1.4.0 
2023-05-06T13:48:39.046768+00:00 DEBUG 'ansible_navigator.main' oauthlib==3.2.0 /usr/lib/python3/dist-packages/oauthlib/__init__.py
2023-05-06T13:48:39.046830+00:00 DEBUG 'ansible_navigator.main' olefile==0.46 /usr/lib/python3/dist-packages/olefile/__init__.py
2023-05-06T13:48:39.046906+00:00 DEBUG 'ansible_navigator.main' onigurumacffi==1.2.0 /home/denzellgil/.local/lib/python3.10/site-packages/onigurumacffi.py
2023-05-06T13:48:39.046964+00:00 DEBUG 'ansible_navigator.main' packaging==21.3 /usr/lib/python3/dist-packages/packaging/__init__.py
2023-05-06T13:48:39.047023+00:00 DEBUG 'ansible_navigator.main' paramiko==2.9.3 /usr/lib/python3/dist-packages/paramiko/__init__.py
2023-05-06T13:48:39.047081+00:00 DEBUG 'ansible_navigator.main' pbr==5.11.1 /home/denzellgil/.local/lib/python3.10/site-packages/pbr/__init__.py
2023-05-06T13:48:39.047143+00:00 DEBUG 'ansible_navigator.main' pip==22.0.2 /usr/lib/python3/dist-packages/pip/__init__.py
2023-05-06T13:48:39.047207+00:00 DEBUG 'ansible_navigator.main' protobuf==3.12.4 
2023-05-06T13:48:39.047266+00:00 DEBUG 'ansible_navigator.main' pyRFC3339==1.1 
2023-05-06T13:48:39.047325+00:00 DEBUG 'ansible_navigator.main' pycparser==2.21 /home/denzellgil/.local/lib/python3.10/site-packages/pycparser/__init__.py
2023-05-06T13:48:39.047384+00:00 DEBUG 'ansible_navigator.main' pycryptodomex==3.11.0 
2023-05-06T13:48:39.047442+00:00 DEBUG 'ansible_navigator.main' pykerberos==1.1.14 
2023-05-06T13:48:39.047500+00:00 DEBUG 'ansible_navigator.main' pymacaroons==0.13.0 /usr/lib/python3/dist-packages/pymacaroons/__init__.py
2023-05-06T13:48:39.047559+00:00 DEBUG 'ansible_navigator.main' pyparsing==2.4.7 /usr/lib/python3/dist-packages/pyparsing.py
2023-05-06T13:48:39.047618+00:00 DEBUG 'ansible_navigator.main' pyrsistent==0.19.3 /home/denzellgil/.local/lib/python3.10/site-packages/pyrsistent/__init__.py
2023-05-06T13:48:39.047677+00:00 DEBUG 'ansible_navigator.main' python-apt==2.4.0+ubuntu1 
2023-05-06T13:48:39.047735+00:00 DEBUG 'ansible_navigator.main' python-daemon==3.0.1 
2023-05-06T13:48:39.047794+00:00 DEBUG 'ansible_navigator.main' python-dateutil==2.8.1 
2023-05-06T13:48:39.047853+00:00 DEBUG 'ansible_navigator.main' python-debian==0.1.43ubuntu1 
2023-05-06T13:48:39.047911+00:00 DEBUG 'ansible_navigator.main' pytz==2022.1 /usr/lib/python3/dist-packages/pytz/__init__.py
2023-05-06T13:48:39.047984+00:00 DEBUG 'ansible_navigator.main' pywinrm==0.3.0 
2023-05-06T13:48:39.048066+00:00 DEBUG 'ansible_navigator.main' pyxdg==0.27 
2023-05-06T13:48:39.048131+00:00 DEBUG 'ansible_navigator.main' reportlab==3.6.8 /usr/lib/python3/dist-packages/reportlab/__init__.py
2023-05-06T13:48:39.048190+00:00 DEBUG 'ansible_navigator.main' requests-kerberos==0.12.0 
2023-05-06T13:48:39.048249+00:00 DEBUG 'ansible_navigator.main' requests-ntlm==1.1.0 
2023-05-06T13:48:39.048310+00:00 DEBUG 'ansible_navigator.main' requests-toolbelt==0.9.1 
2023-05-06T13:48:39.048369+00:00 DEBUG 'ansible_navigator.main' requests==2.25.1 /usr/lib/python3/dist-packages/requests/__init__.py
2023-05-06T13:48:39.048428+00:00 DEBUG 'ansible_navigator.main' setuptools==67.7.2 /home/denzellgil/.local/lib/python3.10/site-packages/setuptools/__init__.py
2023-05-06T13:48:39.048487+00:00 DEBUG 'ansible_navigator.main' simplejson==3.17.6 /usr/lib/python3/dist-packages/simplejson/__init__.py
2023-05-06T13:48:39.048546+00:00 DEBUG 'ansible_navigator.main' six==1.16.0 /usr/lib/python3/dist-packages/six.py
2023-05-06T13:48:39.048604+00:00 DEBUG 'ansible_navigator.main' ssh-import-id==5.11 
2023-05-06T13:48:39.048663+00:00 DEBUG 'ansible_navigator.main' types-setuptools==67.7.0.1 
2023-05-06T13:48:39.048722+00:00 DEBUG 'ansible_navigator.main' tzdata==2023.3 /home/denzellgil/.local/lib/python3.10/site-packages/tzdata/__init__.py
2023-05-06T13:48:39.048821+00:00 DEBUG 'ansible_navigator.main' ubuntu-advantage-tools==8001 
2023-05-06T13:48:39.048887+00:00 DEBUG 'ansible_navigator.main' ubuntu-drivers-common==0.0.0 
2023-05-06T13:48:39.048946+00:00 DEBUG 'ansible_navigator.main' urllib3==1.26.5 /usr/lib/python3/dist-packages/urllib3/__init__.py
2023-05-06T13:48:39.049021+00:00 DEBUG 'ansible_navigator.main' wadllib==1.3.6 /usr/lib/python3/dist-packages/wadllib/__init__.py
2023-05-06T13:48:39.049120+00:00 DEBUG 'ansible_navigator.main' wheel==0.37.1 /usr/lib/python3/dist-packages/wheel/__init__.py
2023-05-06T13:48:39.049184+00:00 DEBUG 'ansible_navigator.main' xmltodict==0.12.0 /usr/lib/python3/dist-packages/xmltodict.py
2023-05-06T13:48:39.049243+00:00 DEBUG 'ansible_navigator.main' zipp==1.0.0 /usr/lib/python3/dist-packages/zipp.py
2023-05-06T13:48:39.049302+00:00 DEBUG 'ansible_navigator.main' Default collection_doc_cache_path set to: /home/denzellgil/.cache/ansible-navigator/collection_doc_cache.db
2023-05-06T13:48:39.049361+00:00 DEBUG 'ansible_navigator.main' EDITOR environment variable not set
2023-05-06T13:48:39.049420+00:00 DEBUG 'ansible_navigator.main' Default editor_command set to: vi +{line_number} {filename}
2023-05-06T13:48:39.049478+00:00 DEBUG 'ansible_navigator.main' No config file set by ANSIBLE_NAVIGATOR_CONFIG
2023-05-06T13:48:39.049538+00:00 DEBUG 'ansible_navigator.main' Looking in /home/denzellgil
2023-05-06T13:48:39.049597+00:00 DEBUG 'ansible_navigator.main' Looking for '/home/denzellgil/.ansible-navigator.yml', '/home/denzellgil/.ansible-navigator.yaml' and '/home/denzellgil/.ansible-navigator.json'
2023-05-06T13:48:39.049658+00:00 DEBUG 'ansible_navigator.main' Found 0: 
2023-05-06T13:48:39.049721+00:00 DEBUG 'ansible_navigator.main' Looking in /home/denzellgil/CPE243/CPE243_HOA12.1
2023-05-06T13:48:39.049794+00:00 DEBUG 'ansible_navigator.main' Looking for '/home/denzellgil/CPE243/CPE243_HOA12.1/ansible-navigator.yml', '/home/denzellgil/CPE243/CPE243_HOA12.1/ansible-navigator.yaml' and '/home/denzellgil/CPE243/CPE243_HOA12.1/ansible-navigator.json'
2023-05-06T13:48:39.049859+00:00 DEBUG 'ansible_navigator.main' Found 0: 
2023-05-06T13:48:39.049919+00:00 DEBUG 'ansible_navigator.main' All found 0: 
2023-05-06T13:48:39.049979+00:00 DEBUG 'ansible_navigator.main' Using: None
2023-05-06T13:48:39.050039+00:00 DEBUG 'ansible_navigator.main' No valid settings file found, using all default values for settings.
2023-05-06T13:48:39.050098+00:00 DEBUG 'ansible_navigator.main' Command provided: ''
2023-05-06T13:48:39.050157+00:00 DEBUG 'ansible_navigator.main' EE support enabled: using current working directory for 'ansible.cfg'
2023-05-06T13:48:39.050216+00:00 INFO 'ansible_navigator.main' EE support enabled: found 'ansible.cfg' in current working directory.
2023-05-06T13:48:39.050284+00:00 DEBUG 'ansible_navigator.main' Completed post processing for ansible_runner_artifact_dir. (changed=False)
2023-05-06T13:48:39.050344+00:00 DEBUG 'ansible_navigator.main' Completed post processing for ansible_runner_rotate_artifacts_count. (changed=False)
2023-05-06T13:48:39.050402+00:00 DEBUG 'ansible_navigator.main' Completed post processing for ansible_runner_timeout. (changed=False)
2023-05-06T13:48:39.050462+00:00 DEBUG 'ansible_navigator.main' Completed post processing for cmdline. (changed=False)
2023-05-06T13:48:39.050521+00:00 DEBUG 'ansible_navigator.main' Completed post processing for collection_doc_cache_path. (changed=False)
2023-05-06T13:48:39.050580+00:00 DEBUG 'ansible_navigator.main' Completed post processing for container_engine. (changed=False)
2023-05-06T13:48:39.050639+00:00 DEBUG 'ansible_navigator.main' Completed post processing for container_options. (changed=False)
2023-05-06T13:48:39.050701+00:00 DEBUG 'ansible_navigator.main' Completed post processing for display_color. (changed=False)
2023-05-06T13:48:39.050803+00:00 DEBUG 'ansible_navigator.main' Completed post processing for enable_prompts. (changed=False)
2023-05-06T13:48:39.050871+00:00 DEBUG 'ansible_navigator.main' Completed post processing for execution_environment. (changed=False)
2023-05-06T13:48:39.050934+00:00 DEBUG 'ansible_navigator.main' Completed post processing for execution_environment_image. (changed=False)
2023-05-06T13:48:39.050995+00:00 DEBUG 'ansible_navigator.main' Completed post processing for help_builder. (changed=False)
2023-05-06T13:48:39.051057+00:00 DEBUG 'ansible_navigator.main' Completed post processing for help_config. (changed=False)
2023-05-06T13:48:39.051119+00:00 DEBUG 'ansible_navigator.main' Completed post processing for help_doc. (changed=False)
2023-05-06T13:48:39.051181+00:00 DEBUG 'ansible_navigator.main' Completed post processing for help_inventory. (changed=False)
2023-05-06T13:48:39.051242+00:00 DEBUG 'ansible_navigator.main' Completed post processing for help_playbook. (changed=False)
2023-05-06T13:48:39.051303+00:00 DEBUG 'ansible_navigator.main' Completed post processing for images_details. (changed=False)
2023-05-06T13:48:39.051364+00:00 DEBUG 'ansible_navigator.main' Completed post processing for inventory. (changed=True)
2023-05-06T13:48:39.051425+00:00 DEBUG 'ansible_navigator.main'  before: 'Not set'
2023-05-06T13:48:39.051486+00:00 DEBUG 'ansible_navigator.main'  after: '['/home/denzellgil/CPE243/CPE243_HOA12.1/hosts']'
2023-05-06T13:48:39.051559+00:00 DEBUG 'ansible_navigator.main' Completed post processing for inventory_column. (changed=False)
2023-05-06T13:48:39.051617+00:00 DEBUG 'ansible_navigator.main' Completed post processing for log_file. (changed=False)
2023-05-06T13:48:39.051675+00:00 DEBUG 'ansible_navigator.main' Completed post processing for pass_environment_variable. (changed=False)
2023-05-06T13:48:39.051733+00:00 DEBUG 'ansible_navigator.main' Completed post processing for playbook. (changed=False)
2023-05-06T13:48:39.051795+00:00 DEBUG 'ansible_navigator.main' Completed post processing for playbook_artifact_replay. (changed=False)
2023-05-06T13:48:39.051858+00:00 DEBUG 'ansible_navigator.main' Completed post processing for playbook_artifact_save_as. (changed=False)
2023-05-06T13:48:39.051917+00:00 DEBUG 'ansible_navigator.main' Completed post processing for plugin_name. (changed=False)
2023-05-06T13:48:39.051975+00:00 DEBUG 'ansible_navigator.main' Completed post processing for pull_arguments. (changed=False)
2023-05-06T13:48:39.052038+00:00 DEBUG 'ansible_navigator.main' Completed post processing for set_environment_variable. (changed=False)
2023-05-06T13:48:39.052116+00:00 DEBUG 'ansible_navigator.main' Completed post processing for settings_effective. (changed=False)
2023-05-06T13:48:39.052181+00:00 DEBUG 'ansible_navigator.main' Completed post processing for settings_sample. (changed=False)
2023-05-06T13:48:39.052244+00:00 DEBUG 'ansible_navigator.main' Completed post processing for settings_schema. (changed=False)
2023-05-06T13:48:39.052323+00:00 DEBUG 'ansible_navigator.main' Completed post processing for settings_sources. (changed=False)
2023-05-06T13:48:39.052407+00:00 DEBUG 'ansible_navigator.main' Completed post processing for time_zone. (changed=False)
2023-05-06T13:48:39.052677+00:00 DEBUG 'ansible_navigator.main' Completed post processing for execution_environment_volume_mounts. (changed=False)
2023-05-06T13:48:39.052816+00:00 DEBUG 'ansible_navigator.main' Completed post processing for mode. (changed=False)
2023-05-06T13:48:39.052886+00:00 DEBUG 'ansible_navigator.main' Completed post processing for playbook_artifact_enable. (changed=False)
2023-05-06T13:48:39.052956+00:00 WARNING 'ansible_navigator.main' Configuration errors encountered, rolling back to previous configuration.
2023-05-06T13:48:39.053020+00:00 DEBUG 'ansible_navigator.main' Prior to rollback: ansible_runner_artifact_dir = 'Not set' (Constants/Not set)
2023-05-06T13:48:39.053136+00:00 DEBUG 'ansible_navigator.main' Prior to rollback: ansible_runner_rotate_artifacts_count = 'Not set' (Constants/Not set)
2023-05-06T13:48:39.053202+00:00 DEBUG 'ansible_navigator.main' Prior to rollback: ansible_runner_timeout = 'Not set' (Constants/Not set)
2023-05-06T13:48:39.053261+00:00 DEBUG 'ansible_navigator.main' Prior to rollback: ansible_runner_write_job_events = 'False' (bool/Defaults)
2023-05-06T13:48:39.053321+00:00 DEBUG 'ansible_navigator.main' Prior to rollback: app = 'welcome' (str/Defaults)
2023-05-06T13:48:39.053379+00:00 DEBUG 'ansible_navigator.main' Prior to rollback: cmdline = 'Not set' (Constants/Not set)
2023-05-06T13:48:39.053437+00:00 DEBUG 'ansible_navigator.main' Prior to rollback: collection_doc_cache_path = '/home/denzellgil/.cache/ansible-navigator/collection_doc_cache.db' (str/Defaults)
2023-05-06T13:48:39.053499+00:00 DEBUG 'ansible_navigator.main' Prior to rollback: config = 'Not set' (Constants/Not set)
2023-05-06T13:48:39.053561+00:00 DEBUG 'ansible_navigator.main' Prior to rollback: container_engine = 'auto' (str/Defaults)
2023-05-06T13:48:39.053619+00:00 DEBUG 'ansible_navigator.main' Prior to rollback: container_options = 'Not set' (Constants/Not set)
2023-05-06T13:48:39.053678+00:00 DEBUG 'ansible_navigator.main' Prior to rollback: display_color = 'True' (bool/Defaults)
2023-05-06T13:48:39.053736+00:00 DEBUG 'ansible_navigator.main' Prior to rollback: editor_command = 'vi +{line_number} {filename}' (str/Defaults)
2023-05-06T13:48:39.053793+00:00 DEBUG 'ansible_navigator.main' Prior to rollback: editor_console = 'True' (bool/Defaults)
2023-05-06T13:48:39.053851+00:00 DEBUG 'ansible_navigator.main' Prior to rollback: enable_prompts = 'False' (bool/Defaults)
2023-05-06T13:48:39.053910+00:00 DEBUG 'ansible_navigator.main' Prior to rollback: exec_command = '/bin/bash' (str/Defaults)
2023-05-06T13:48:39.053968+00:00 DEBUG 'ansible_navigator.main' Prior to rollback: exec_shell = 'True' (bool/Defaults)
2023-05-06T13:48:39.054026+00:00 DEBUG 'ansible_navigator.main' Prior to rollback: execution_environment = 'True' (bool/Defaults)
2023-05-06T13:48:39.054084+00:00 DEBUG 'ansible_navigator.main' Prior to rollback: execution_environment_image = 'ghcr.io/ansible/creator-ee:v0.17.0' (str/Defaults)
2023-05-06T13:48:39.054143+00:00 DEBUG 'ansible_navigator.main' Prior to rollback: execution_environment_volume_mounts = 'Not set' (Constants/Not set)
2023-05-06T13:48:39.054201+00:00 DEBUG 'ansible_navigator.main' Prior to rollback: format = 'yaml' (str/Defaults)
2023-05-06T13:48:39.054260+00:00 DEBUG 'ansible_navigator.main' Prior to rollback: help_builder = 'False' (bool/Defaults)
2023-05-06T13:48:39.054318+00:00 DEBUG 'ansible_navigator.main' Prior to rollback: help_config = 'False' (bool/Defaults)
2023-05-06T13:48:39.054376+00:00 DEBUG 'ansible_navigator.main' Prior to rollback: help_doc = 'False' (bool/Defaults)
2023-05-06T13:48:39.054437+00:00 DEBUG 'ansible_navigator.main' Prior to rollback: help_inventory = 'False' (bool/Defaults)
2023-05-06T13:48:39.054499+00:00 DEBUG 'ansible_navigator.main' Prior to rollback: help_playbook = 'False' (bool/Defaults)
2023-05-06T13:48:39.054564+00:00 DEBUG 'ansible_navigator.main' Prior to rollback: images_details = '['everything']' (list/Defaults)
2023-05-06T13:48:39.054645+00:00 DEBUG 'ansible_navigator.main' Prior to rollback: inventory = '['/home/denzellgil/CPE243/CPE243_HOA12.1/hosts']' (list/Ansible configuration file)
2023-05-06T13:48:39.054722+00:00 DEBUG 'ansible_navigator.main' Prior to rollback: inventory_column = 'Not set' (Constants/Not set)
2023-05-06T13:48:39.054780+00:00 DEBUG 'ansible_navigator.main' Prior to rollback: lint_config = 'Not set' (Constants/Not set)
2023-05-06T13:48:39.054839+00:00 DEBUG 'ansible_navigator.main' Prior to rollback: lintables = 'Not set' (Constants/Not set)
2023-05-06T13:48:39.054898+00:00 DEBUG 'ansible_navigator.main' Prior to rollback: log_append = 'True' (bool/Defaults)
2023-05-06T13:48:39.054956+00:00 DEBUG 'ansible_navigator.main' Prior to rollback: log_file = '/home/denzellgil/CPE243/CPE243_HOA12.1/ansible-navigator.log' (str/Defaults)
2023-05-06T13:48:39.055015+00:00 DEBUG 'ansible_navigator.main' Prior to rollback: log_level = 'warning' (str/Defaults)
2023-05-06T13:48:39.055073+00:00 DEBUG 'ansible_navigator.main' Prior to rollback: mode = 'interactive' (str/Defaults)
2023-05-06T13:48:39.055132+00:00 DEBUG 'ansible_navigator.main' Prior to rollback: osc4 = 'True' (bool/Defaults)
2023-05-06T13:48:39.055190+00:00 DEBUG 'ansible_navigator.main' Prior to rollback: pass_environment_variable = 'Not set' (Constants/Not set)
2023-05-06T13:48:39.055247+00:00 DEBUG 'ansible_navigator.main' Prior to rollback: playbook = 'Not set' (Constants/Not set)
2023-05-06T13:48:39.055305+00:00 DEBUG 'ansible_navigator.main' Prior to rollback: playbook_artifact_enable = 'True' (bool/Defaults)
2023-05-06T13:48:39.055382+00:00 DEBUG 'ansible_navigator.main' Prior to rollback: playbook_artifact_replay = 'Not set' (Constants/Not set)
2023-05-06T13:48:39.055447+00:00 DEBUG 'ansible_navigator.main' Prior to rollback: playbook_artifact_save_as = '{playbook_dir}/{playbook_name}-artifact-{time_stamp}.json' (str/Defaults)
2023-05-06T13:48:39.055506+00:00 DEBUG 'ansible_navigator.main' Prior to rollback: plugin_name = 'Not set' (Constants/Not set)
2023-05-06T13:48:39.055585+00:00 DEBUG 'ansible_navigator.main' Prior to rollback: plugin_type = 'module' (str/Defaults)
2023-05-06T13:48:39.055661+00:00 DEBUG 'ansible_navigator.main' Prior to rollback: pull_arguments = 'Not set' (Constants/Not set)
2023-05-06T13:48:39.055719+00:00 DEBUG 'ansible_navigator.main' Prior to rollback: pull_policy = 'tag' (str/Defaults)
2023-05-06T13:48:39.055777+00:00 DEBUG 'ansible_navigator.main' Prior to rollback: set_environment_variable = 'Not set' (Constants/Not set)
2023-05-06T13:48:39.055835+00:00 DEBUG 'ansible_navigator.main' Prior to rollback: settings_effective = 'False' (bool/Defaults)
2023-05-06T13:48:39.055894+00:00 DEBUG 'ansible_navigator.main' Prior to rollback: settings_sample = 'False' (bool/Defaults)
2023-05-06T13:48:39.055952+00:00 DEBUG 'ansible_navigator.main' Prior to rollback: settings_schema = 'json' (str/Defaults)
2023-05-06T13:48:39.056011+00:00 DEBUG 'ansible_navigator.main' Prior to rollback: settings_sources = 'False' (bool/Defaults)
2023-05-06T13:48:39.056069+00:00 DEBUG 'ansible_navigator.main' Prior to rollback: time_zone = 'UTC' (str/Defaults)
2023-05-06T13:48:39.056127+00:00 DEBUG 'ansible_navigator.main' Prior to rollback: workdir = '/home/denzellgil/CPE243/CPE243_HOA12.1' (str/Defaults)
2023-05-06T13:48:39.056185+00:00 DEBUG 'ansible_navigator.main' After rollback: ansible_runner_artifact_dir = 'Not set' (Constants/Not set)
2023-05-06T13:48:39.056243+00:00 DEBUG 'ansible_navigator.main' After rollback: ansible_runner_rotate_artifacts_count = 'Not set' (Constants/Not set)
2023-05-06T13:48:39.056302+00:00 DEBUG 'ansible_navigator.main' After rollback: ansible_runner_timeout = 'Not set' (Constants/Not set)
2023-05-06T13:48:39.056362+00:00 DEBUG 'ansible_navigator.main' After rollback: ansible_runner_write_job_events = 'Not set' (Constants/Not set)
2023-05-06T13:48:39.056430+00:00 DEBUG 'ansible_navigator.main' After rollback: app = 'Not set' (Constants/Not set)
2023-05-06T13:48:39.056489+00:00 DEBUG 'ansible_navigator.main' After rollback: cmdline = 'Not set' (Constants/Not set)
2023-05-06T13:48:39.056572+00:00 DEBUG 'ansible_navigator.main' After rollback: collection_doc_cache_path = 'Not set' (Constants/Not set)
2023-05-06T13:48:39.056666+00:00 DEBUG 'ansible_navigator.main' After rollback: config = 'Not set' (Constants/Not set)
2023-05-06T13:48:39.056725+00:00 DEBUG 'ansible_navigator.main' After rollback: container_engine = 'Not set' (Constants/Not set)
2023-05-06T13:48:39.056784+00:00 DEBUG 'ansible_navigator.main' After rollback: container_options = 'Not set' (Constants/Not set)
2023-05-06T13:48:39.056843+00:00 DEBUG 'ansible_navigator.main' After rollback: display_color = 'Not set' (Constants/Not set)
2023-05-06T13:48:39.056901+00:00 DEBUG 'ansible_navigator.main' After rollback: editor_command = 'Not set' (Constants/Not set)
2023-05-06T13:48:39.056960+00:00 DEBUG 'ansible_navigator.main' After rollback: editor_console = 'Not set' (Constants/Not set)
2023-05-06T13:48:39.057018+00:00 DEBUG 'ansible_navigator.main' After rollback: enable_prompts = 'Not set' (Constants/Not set)
2023-05-06T13:48:39.057076+00:00 DEBUG 'ansible_navigator.main' After rollback: exec_command = 'Not set' (Constants/Not set)
2023-05-06T13:48:39.057166+00:00 DEBUG 'ansible_navigator.main' After rollback: exec_shell = 'Not set' (Constants/Not set)
2023-05-06T13:48:39.057229+00:00 DEBUG 'ansible_navigator.main' After rollback: execution_environment = 'Not set' (Constants/Not set)
2023-05-06T13:48:39.057288+00:00 DEBUG 'ansible_navigator.main' After rollback: execution_environment_image = 'Not set' (Constants/Not set)
2023-05-06T13:48:39.057347+00:00 DEBUG 'ansible_navigator.main' After rollback: execution_environment_volume_mounts = 'Not set' (Constants/Not set)
2023-05-06T13:48:39.057551+00:00 DEBUG 'ansible_navigator.main' After rollback: format = 'Not set' (Constants/Not set)
2023-05-06T13:48:39.057617+00:00 DEBUG 'ansible_navigator.main' After rollback: help_builder = 'Not set' (Constants/Not set)
2023-05-06T13:48:39.057691+00:00 DEBUG 'ansible_navigator.main' After rollback: help_config = 'Not set' (Constants/Not set)
2023-05-06T13:48:39.057750+00:00 DEBUG 'ansible_navigator.main' After rollback: help_doc = 'Not set' (Constants/Not set)
2023-05-06T13:48:39.057808+00:00 DEBUG 'ansible_navigator.main' After rollback: help_inventory = 'Not set' (Constants/Not set)
2023-05-06T13:48:39.057866+00:00 DEBUG 'ansible_navigator.main' After rollback: help_playbook = 'Not set' (Constants/Not set)
2023-05-06T13:48:39.057924+00:00 DEBUG 'ansible_navigator.main' After rollback: images_details = 'Not set' (Constants/Not set)
2023-05-06T13:48:39.057982+00:00 DEBUG 'ansible_navigator.main' After rollback: inventory = 'Not set' (Constants/Not set)
2023-05-06T13:48:39.058040+00:00 DEBUG 'ansible_navigator.main' After rollback: inventory_column = 'Not set' (Constants/Not set)
2023-05-06T13:48:39.058101+00:00 DEBUG 'ansible_navigator.main' After rollback: lint_config = 'Not set' (Constants/Not set)
2023-05-06T13:48:39.058165+00:00 DEBUG 'ansible_navigator.main' After rollback: lintables = 'Not set' (Constants/Not set)
2023-05-06T13:48:39.058223+00:00 DEBUG 'ansible_navigator.main' After rollback: log_append = 'Not set' (Constants/Not set)
2023-05-06T13:48:39.058281+00:00 DEBUG 'ansible_navigator.main' After rollback: log_file = 'Not set' (Constants/Not set)
2023-05-06T13:48:39.058339+00:00 DEBUG 'ansible_navigator.main' After rollback: log_level = 'Not set' (Constants/Not set)
2023-05-06T13:48:39.058397+00:00 DEBUG 'ansible_navigator.main' After rollback: mode = 'Not set' (Constants/Not set)
2023-05-06T13:48:39.058456+00:00 DEBUG 'ansible_navigator.main' After rollback: osc4 = 'Not set' (Constants/Not set)
2023-05-06T13:48:39.058535+00:00 DEBUG 'ansible_navigator.main' After rollback: pass_environment_variable = 'Not set' (Constants/Not set)
2023-05-06T13:48:39.058611+00:00 DEBUG 'ansible_navigator.main' After rollback: playbook = 'Not set' (Constants/Not set)
2023-05-06T13:48:39.058674+00:00 DEBUG 'ansible_navigator.main' After rollback: playbook_artifact_enable = 'Not set' (Constants/Not set)
2023-05-06T13:48:39.058733+00:00 DEBUG 'ansible_navigator.main' After rollback: playbook_artifact_replay = 'Not set' (Constants/Not set)
2023-05-06T13:48:39.058791+00:00 DEBUG 'ansible_navigator.main' After rollback: playbook_artifact_save_as = 'Not set' (Constants/Not set)
2023-05-06T13:48:39.058849+00:00 DEBUG 'ansible_navigator.main' After rollback: plugin_name = 'Not set' (Constants/Not set)
2023-05-06T13:48:39.058908+00:00 DEBUG 'ansible_navigator.main' After rollback: plugin_type = 'Not set' (Constants/Not set)
2023-05-06T13:48:39.058967+00:00 DEBUG 'ansible_navigator.main' After rollback: pull_arguments = 'Not set' (Constants/Not set)
2023-05-06T13:48:39.059026+00:00 DEBUG 'ansible_navigator.main' After rollback: pull_policy = 'Not set' (Constants/Not set)
2023-05-06T13:48:39.059086+00:00 DEBUG 'ansible_navigator.main' After rollback: set_environment_variable = 'Not set' (Constants/Not set)
2023-05-06T13:48:39.059150+00:00 DEBUG 'ansible_navigator.main' After rollback: settings_effective = 'Not set' (Constants/Not set)
2023-05-06T13:48:39.059208+00:00 DEBUG 'ansible_navigator.main' After rollback: settings_sample = 'Not set' (Constants/Not set)
2023-05-06T13:48:39.059266+00:00 DEBUG 'ansible_navigator.main' After rollback: settings_schema = 'Not set' (Constants/Not set)
2023-05-06T13:48:39.059325+00:00 DEBUG 'ansible_navigator.main' After rollback: settings_sources = 'Not set' (Constants/Not set)
2023-05-06T13:48:39.059382+00:00 DEBUG 'ansible_navigator.main' After rollback: time_zone = 'Not set' (Constants/Not set)
2023-05-06T13:48:39.059440+00:00 DEBUG 'ansible_navigator.main' After rollback: workdir = 'Not set' (Constants/Not set)
2023-05-06T13:48:39.059520+00:00 DEBUG 'ansible_navigator.main' Configuration rollback complete.
2023-05-06T13:48:39.059593+00:00 DEBUG 'ansible_navigator.main' Collection doc cache not mounted
2023-05-06T13:48:39.059662+00:00 WARNING 'ansible_navigator.main' Issues were found while applying the settings.
2023-05-06T13:48:39.059725+00:00 INFO 'ansible_navigator.main' Command provided: ''
2023-05-06T13:48:39.059790+00:00 ERROR 'ansible_navigator.main' No container engine could be found: 'auto', set by 'Defaults'
2023-05-06T13:48:39.060163+00:00 INFO 'ansible_navigator.main' Try installing 'podman' or 'docker'
2023-05-06T13:48:39.060317+00:00 INFO 'ansible_navigator.main' Configuration failed, using default log file location. (/home/denzellgil/CPE243/CPE243_HOA12.1/ansible-navigator.log) Log level set to debug
2023-05-06T13:48:39.060392+00:00 INFO 'ansible_navigator.main' Review the hints and log file to see what went wrong.
2023-05-06T13:49:04.747034+00:00 INFO 'ansible_navigator.setup_logger' New ansible-navigator instance, logging initialized
2023-05-06T13:49:04.747291+00:00 INFO 'ansible_navigator.setup_logger' New ansible-runner instance, logging initialized
2023-05-06T13:49:04.747388+00:00 DEBUG 'ansible_navigator.main' Babel==2.8.0 
2023-05-06T13:49:04.747473+00:00 DEBUG 'ansible_navigator.main' Jinja2==3.0.3 
2023-05-06T13:49:04.747543+00:00 DEBUG 'ansible_navigator.main' Mako==1.1.3 
2023-05-06T13:49:04.747605+00:00 DEBUG 'ansible_navigator.main' MarkupSafe==2.0.1 
2023-05-06T13:49:04.747683+00:00 DEBUG 'ansible_navigator.main' Parsley==1.3 
2023-05-06T13:49:04.747749+00:00 DEBUG 'ansible_navigator.main' Pillow==9.0.1 
2023-05-06T13:49:04.747810+00:00 DEBUG 'ansible_navigator.main' PyGObject==3.42.1 
2023-05-06T13:49:04.747881+00:00 DEBUG 'ansible_navigator.main' PyJWT==2.3.0 
2023-05-06T13:49:04.747947+00:00 DEBUG 'ansible_navigator.main' PyNaCl==1.5.0 
2023-05-06T13:49:04.748003+00:00 DEBUG 'ansible_navigator.main' PyYAML==5.4.1 
2023-05-06T13:49:04.748061+00:00 DEBUG 'ansible_navigator.main' SecretStorage==3.3.1 
2023-05-06T13:49:04.748120+00:00 DEBUG 'ansible_navigator.main' ansible-base==2.10.8 
2023-05-06T13:49:04.748193+00:00 DEBUG 'ansible_navigator.main' ansible-builder==3.0.0rc2 
2023-05-06T13:49:04.748261+00:00 DEBUG 'ansible_navigator.main' ansible-navigator==3.2.0 
2023-05-06T13:49:04.748339+00:00 DEBUG 'ansible_navigator.main' ansible-runner==2.3.2 
2023-05-06T13:49:04.748406+00:00 DEBUG 'ansible_navigator.main' apache-libcloud==3.2.0 
2023-05-06T13:49:04.748465+00:00 DEBUG 'ansible_navigator.main' argcomplete==1.8.1 /usr/lib/python3/dist-packages/argcomplete/__init__.py
2023-05-06T13:49:04.748524+00:00 DEBUG 'ansible_navigator.main' bcrypt==3.2.0 /usr/lib/python3/dist-packages/bcrypt/__init__.py
2023-05-06T13:49:04.748582+00:00 DEBUG 'ansible_navigator.main' bindep==2.11.0 /home/denzellgil/.local/lib/python3.10/site-packages/bindep/__init__.py
2023-05-06T13:49:04.748658+00:00 DEBUG 'ansible_navigator.main' certifi==2020.6.20 /usr/lib/python3/dist-packages/certifi/__init__.py
2023-05-06T13:49:04.748722+00:00 DEBUG 'ansible_navigator.main' cffi==1.15.1 /home/denzellgil/.local/lib/python3.10/site-packages/cffi/__init__.py
2023-05-06T13:49:04.748814+00:00 DEBUG 'ansible_navigator.main' chardet==4.0.0 /usr/lib/python3/dist-packages/chardet/__init__.py
2023-05-06T13:49:04.748901+00:00 DEBUG 'ansible_navigator.main' click==8.0.3 /usr/lib/python3/dist-packages/click/__init__.py
2023-05-06T13:49:04.748960+00:00 DEBUG 'ansible_navigator.main' colorama==0.4.4 /usr/lib/python3/dist-packages/colorama/__init__.py
2023-05-06T13:49:04.749018+00:00 DEBUG 'ansible_navigator.main' cryptography==3.4.8 /usr/lib/python3/dist-packages/cryptography/__init__.py
2023-05-06T13:49:04.749076+00:00 DEBUG 'ansible_navigator.main' dbus-python==1.2.18 
2023-05-06T13:49:04.749214+00:00 DEBUG 'ansible_navigator.main' defer==1.0.6 /usr/lib/python3/dist-packages/defer/__init__.py
2023-05-06T13:49:04.749274+00:00 DEBUG 'ansible_navigator.main' distro-info==1.1build1 
2023-05-06T13:49:04.749332+00:00 DEBUG 'ansible_navigator.main' distro==1.7.0 /usr/lib/python3/dist-packages/distro/__init__.py
2023-05-06T13:49:04.749390+00:00 DEBUG 'ansible_navigator.main' dnspython==2.1.0 
2023-05-06T13:49:04.749449+00:00 DEBUG 'ansible_navigator.main' docutils==0.19 /home/denzellgil/.local/lib/python3.10/site-packages/docutils/__init__.py
2023-05-06T13:49:04.749508+00:00 DEBUG 'ansible_navigator.main' duplicity==0.8.21 /usr/lib/python3/dist-packages/duplicity/__init__.py
2023-05-06T13:49:04.749566+00:00 DEBUG 'ansible_navigator.main' fasteners==0.14.1 /usr/lib/python3/dist-packages/fasteners/__init__.py
2023-05-06T13:49:04.749625+00:00 DEBUG 'ansible_navigator.main' future==0.18.2 /usr/lib/python3/dist-packages/future/__init__.py
2023-05-06T13:49:04.749683+00:00 DEBUG 'ansible_navigator.main' httplib2==0.20.2 /usr/lib/python3/dist-packages/httplib2/__init__.py
2023-05-06T13:49:04.749744+00:00 DEBUG 'ansible_navigator.main' idna==3.3 /usr/lib/python3/dist-packages/idna/__init__.py
2023-05-06T13:49:04.749835+00:00 DEBUG 'ansible_navigator.main' importlib-metadata==4.6.4 
2023-05-06T13:49:04.749949+00:00 DEBUG 'ansible_navigator.main' jmespath==0.10.0 /usr/lib/python3/dist-packages/jmespath/__init__.py
2023-05-06T13:49:04.750011+00:00 DEBUG 'ansible_navigator.main' keyring==23.5.0 /usr/lib/python3/dist-packages/keyring/__init__.py
2023-05-06T13:49:04.750074+00:00 DEBUG 'ansible_navigator.main' language-selector==0.1 
2023-05-06T13:49:04.750133+00:00 DEBUG 'ansible_navigator.main' launchpadlib==1.10.16 /usr/lib/python3/dist-packages/launchpadlib/__init__.py
2023-05-06T13:49:04.750191+00:00 DEBUG 'ansible_navigator.main' lazr.restfulclient==0.14.4 /usr/lib/python3/dist-packages/lazr/restfulclient/__init__.py
2023-05-06T13:49:04.750249+00:00 DEBUG 'ansible_navigator.main' lazr.uri==1.0.6 /usr/lib/python3/dist-packages/lazr/uri/__init__.py
2023-05-06T13:49:04.750307+00:00 DEBUG 'ansible_navigator.main' lockfile==0.12.2 /usr/lib/python3/dist-packages/lockfile/__init__.py
2023-05-06T13:49:04.750366+00:00 DEBUG 'ansible_navigator.main' macaroonbakery==1.3.1 /usr/lib/python3/dist-packages/macaroonbakery/__init__.py
2023-05-06T13:49:04.750424+00:00 DEBUG 'ansible_navigator.main' monotonic==1.6 /usr/lib/python3/dist-packages/monotonic.py
2023-05-06T13:49:04.750488+00:00 DEBUG 'ansible_navigator.main' more-itertools==8.10.0 
2023-05-06T13:49:04.750546+00:00 DEBUG 'ansible_navigator.main' netaddr==0.8.0 /usr/lib/python3/dist-packages/netaddr/__init__.py
2023-05-06T13:49:04.750604+00:00 DEBUG 'ansible_navigator.main' netifaces==0.11.0 /usr/lib/python3/dist-packages/netifaces.cpython-310-x86_64-linux-gnu.so
2023-05-06T13:49:04.750663+00:00 DEBUG 'ansible_navigator.main' ntlm-auth==1.4.0 
2023-05-06T13:49:04.750748+00:00 DEBUG 'ansible_navigator.main' oauthlib==3.2.0 /usr/lib/python3/dist-packages/oauthlib/__init__.py
2023-05-06T13:49:04.750886+00:00 DEBUG 'ansible_navigator.main' olefile==0.46 /usr/lib/python3/dist-packages/olefile/__init__.py
2023-05-06T13:49:04.750970+00:00 DEBUG 'ansible_navigator.main' onigurumacffi==1.2.0 /home/denzellgil/.local/lib/python3.10/site-packages/onigurumacffi.py
2023-05-06T13:49:04.751054+00:00 DEBUG 'ansible_navigator.main' packaging==21.3 /usr/lib/python3/dist-packages/packaging/__init__.py
2023-05-06T13:49:04.751144+00:00 DEBUG 'ansible_navigator.main' paramiko==2.9.3 /usr/lib/python3/dist-packages/paramiko/__init__.py
2023-05-06T13:49:04.751207+00:00 DEBUG 'ansible_navigator.main' pbr==5.11.1 /home/denzellgil/.local/lib/python3.10/site-packages/pbr/__init__.py
2023-05-06T13:49:04.751278+00:00 DEBUG 'ansible_navigator.main' pip==22.0.2 /usr/lib/python3/dist-packages/pip/__init__.py
2023-05-06T13:49:04.751336+00:00 DEBUG 'ansible_navigator.main' protobuf==3.12.4 
2023-05-06T13:49:04.751392+00:00 DEBUG 'ansible_navigator.main' pyRFC3339==1.1 
2023-05-06T13:49:04.751449+00:00 DEBUG 'ansible_navigator.main' pycparser==2.21 /home/denzellgil/.local/lib/python3.10/site-packages/pycparser/__init__.py
2023-05-06T13:49:04.751506+00:00 DEBUG 'ansible_navigator.main' pycryptodomex==3.11.0 
2023-05-06T13:49:04.751563+00:00 DEBUG 'ansible_navigator.main' pykerberos==1.1.14 
2023-05-06T13:49:04.751620+00:00 DEBUG 'ansible_navigator.main' pymacaroons==0.13.0 /usr/lib/python3/dist-packages/pymacaroons/__init__.py
2023-05-06T13:49:04.751677+00:00 DEBUG 'ansible_navigator.main' pyparsing==2.4.7 /usr/lib/python3/dist-packages/pyparsing.py
2023-05-06T13:49:04.751738+00:00 DEBUG 'ansible_navigator.main' pyrsistent==0.19.3 /home/denzellgil/.local/lib/python3.10/site-packages/pyrsistent/__init__.py
2023-05-06T13:49:04.751795+00:00 DEBUG 'ansible_navigator.main' python-apt==2.4.0+ubuntu1 
2023-05-06T13:49:04.751852+00:00 DEBUG 'ansible_navigator.main' python-daemon==3.0.1 
2023-05-06T13:49:04.751909+00:00 DEBUG 'ansible_navigator.main' python-dateutil==2.8.1 
2023-05-06T13:49:04.751966+00:00 DEBUG 'ansible_navigator.main' python-debian==0.1.43ubuntu1 
2023-05-06T13:49:04.752023+00:00 DEBUG 'ansible_navigator.main' pytz==2022.1 /usr/lib/python3/dist-packages/pytz/__init__.py
2023-05-06T13:49:04.752082+00:00 DEBUG 'ansible_navigator.main' pywinrm==0.3.0 
2023-05-06T13:49:04.752143+00:00 DEBUG 'ansible_navigator.main' pyxdg==0.27 
2023-05-06T13:49:04.752201+00:00 DEBUG 'ansible_navigator.main' reportlab==3.6.8 /usr/lib/python3/dist-packages/reportlab/__init__.py
2023-05-06T13:49:04.752258+00:00 DEBUG 'ansible_navigator.main' requests-kerberos==0.12.0 
2023-05-06T13:49:04.752315+00:00 DEBUG 'ansible_navigator.main' requests-ntlm==1.1.0 
2023-05-06T13:49:04.752373+00:00 DEBUG 'ansible_navigator.main' requests-toolbelt==0.9.1 
2023-05-06T13:49:04.752429+00:00 DEBUG 'ansible_navigator.main' requests==2.25.1 /usr/lib/python3/dist-packages/requests/__init__.py
2023-05-06T13:49:04.752486+00:00 DEBUG 'ansible_navigator.main' setuptools==67.7.2 /home/denzellgil/.local/lib/python3.10/site-packages/setuptools/__init__.py
2023-05-06T13:49:04.752543+00:00 DEBUG 'ansible_navigator.main' simplejson==3.17.6 /usr/lib/python3/dist-packages/simplejson/__init__.py
2023-05-06T13:49:04.752601+00:00 DEBUG 'ansible_navigator.main' six==1.16.0 /usr/lib/python3/dist-packages/six.py
2023-05-06T13:49:04.752657+00:00 DEBUG 'ansible_navigator.main' ssh-import-id==5.11 
2023-05-06T13:49:04.752717+00:00 DEBUG 'ansible_navigator.main' types-setuptools==67.7.0.1 
2023-05-06T13:49:04.752779+00:00 DEBUG 'ansible_navigator.main' tzdata==2023.3 /home/denzellgil/.local/lib/python3.10/site-packages/tzdata/__init__.py
2023-05-06T13:49:04.752838+00:00 DEBUG 'ansible_navigator.main' ubuntu-advantage-tools==8001 
2023-05-06T13:49:04.752895+00:00 DEBUG 'ansible_navigator.main' ubuntu-drivers-common==0.0.0 
2023-05-06T13:49:04.752952+00:00 DEBUG 'ansible_navigator.main' urllib3==1.26.5 /usr/lib/python3/dist-packages/urllib3/__init__.py
2023-05-06T13:49:04.753011+00:00 DEBUG 'ansible_navigator.main' wadllib==1.3.6 /usr/lib/python3/dist-packages/wadllib/__init__.py
2023-05-06T13:49:04.753072+00:00 DEBUG 'ansible_navigator.main' wheel==0.37.1 /usr/lib/python3/dist-packages/wheel/__init__.py
2023-05-06T13:49:04.753198+00:00 DEBUG 'ansible_navigator.main' xmltodict==0.12.0 /usr/lib/python3/dist-packages/xmltodict.py
2023-05-06T13:49:04.753257+00:00 DEBUG 'ansible_navigator.main' zipp==1.0.0 /usr/lib/python3/dist-packages/zipp.py
2023-05-06T13:49:04.753314+00:00 DEBUG 'ansible_navigator.main' Default collection_doc_cache_path set to: /home/denzellgil/.cache/ansible-navigator/collection_doc_cache.db
2023-05-06T13:49:04.753371+00:00 DEBUG 'ansible_navigator.main' EDITOR environment variable not set
2023-05-06T13:49:04.753428+00:00 DEBUG 'ansible_navigator.main' Default editor_command set to: vi +{line_number} {filename}
2023-05-06T13:49:04.753485+00:00 DEBUG 'ansible_navigator.main' No config file set by ANSIBLE_NAVIGATOR_CONFIG
2023-05-06T13:49:04.753542+00:00 DEBUG 'ansible_navigator.main' Looking in /home/denzellgil
2023-05-06T13:49:04.753599+00:00 DEBUG 'ansible_navigator.main' Looking for '/home/denzellgil/.ansible-navigator.yml', '/home/denzellgil/.ansible-navigator.yaml' and '/home/denzellgil/.ansible-navigator.json'
2023-05-06T13:49:04.753660+00:00 DEBUG 'ansible_navigator.main' Found 0: 
2023-05-06T13:49:04.753717+00:00 DEBUG 'ansible_navigator.main' Looking in /home/denzellgil/CPE243/CPE243_HOA12.1
2023-05-06T13:49:04.753775+00:00 DEBUG 'ansible_navigator.main' Looking for '/home/denzellgil/CPE243/CPE243_HOA12.1/ansible-navigator.yml', '/home/denzellgil/CPE243/CPE243_HOA12.1/ansible-navigator.yaml' and '/home/denzellgil/CPE243/CPE243_HOA12.1/ansible-navigator.json'
2023-05-06T13:49:04.753835+00:00 DEBUG 'ansible_navigator.main' Found 0: 
2023-05-06T13:49:04.753896+00:00 DEBUG 'ansible_navigator.main' All found 0: 
2023-05-06T13:49:04.753954+00:00 DEBUG 'ansible_navigator.main' Using: None
2023-05-06T13:49:04.754011+00:00 DEBUG 'ansible_navigator.main' No valid settings file found, using all default values for settings.
2023-05-06T13:49:04.754068+00:00 DEBUG 'ansible_navigator.main' Command provided: ''
2023-05-06T13:49:04.754125+00:00 DEBUG 'ansible_navigator.main' EE support enabled: using current working directory for 'ansible.cfg'
2023-05-06T13:49:04.754182+00:00 INFO 'ansible_navigator.main' EE support enabled: found 'ansible.cfg' in current working directory.
2023-05-06T13:49:04.754238+00:00 DEBUG 'ansible_navigator.main' Completed post processing for ansible_runner_artifact_dir. (changed=False)
2023-05-06T13:49:04.754295+00:00 DEBUG 'ansible_navigator.main' Completed post processing for ansible_runner_rotate_artifacts_count. (changed=False)
2023-05-06T13:49:04.754352+00:00 DEBUG 'ansible_navigator.main' Completed post processing for ansible_runner_timeout. (changed=False)
2023-05-06T13:49:04.754409+00:00 DEBUG 'ansible_navigator.main' Completed post processing for cmdline. (changed=False)
2023-05-06T13:49:04.754466+00:00 DEBUG 'ansible_navigator.main' Completed post processing for collection_doc_cache_path. (changed=False)
2023-05-06T13:49:04.754523+00:00 DEBUG 'ansible_navigator.main' Completed post processing for container_engine. (changed=False)
2023-05-06T13:49:04.754580+00:00 DEBUG 'ansible_navigator.main' Completed post processing for container_options. (changed=False)
2023-05-06T13:49:04.754642+00:00 DEBUG 'ansible_navigator.main' Completed post processing for display_color. (changed=False)
2023-05-06T13:49:04.754699+00:00 DEBUG 'ansible_navigator.main' Completed post processing for enable_prompts. (changed=False)
2023-05-06T13:49:04.754764+00:00 DEBUG 'ansible_navigator.main' Completed post processing for execution_environment. (changed=False)
2023-05-06T13:49:04.754825+00:00 DEBUG 'ansible_navigator.main' Completed post processing for execution_environment_image. (changed=False)
2023-05-06T13:49:04.754883+00:00 DEBUG 'ansible_navigator.main' Completed post processing for help_builder. (changed=False)
2023-05-06T13:49:04.754940+00:00 DEBUG 'ansible_navigator.main' Completed post processing for help_config. (changed=False)
2023-05-06T13:49:04.754997+00:00 DEBUG 'ansible_navigator.main' Completed post processing for help_doc. (changed=False)
2023-05-06T13:49:04.755053+00:00 DEBUG 'ansible_navigator.main' Completed post processing for help_inventory. (changed=False)
2023-05-06T13:49:04.755110+00:00 DEBUG 'ansible_navigator.main' Completed post processing for help_playbook. (changed=False)
2023-05-06T13:49:04.755167+00:00 DEBUG 'ansible_navigator.main' Completed post processing for images_details. (changed=False)
2023-05-06T13:49:04.755223+00:00 DEBUG 'ansible_navigator.main' Completed post processing for inventory. (changed=True)
2023-05-06T13:49:04.755280+00:00 DEBUG 'ansible_navigator.main'  before: 'Not set'
2023-05-06T13:49:04.755337+00:00 DEBUG 'ansible_navigator.main'  after: '['/home/denzellgil/CPE243/CPE243_HOA12.1/hosts']'
2023-05-06T13:49:04.755394+00:00 DEBUG 'ansible_navigator.main' Completed post processing for inventory_column. (changed=False)
2023-05-06T13:49:04.755451+00:00 DEBUG 'ansible_navigator.main' Completed post processing for log_file. (changed=False)
2023-05-06T13:49:04.755508+00:00 DEBUG 'ansible_navigator.main' Completed post processing for pass_environment_variable. (changed=False)
2023-05-06T13:49:04.755565+00:00 DEBUG 'ansible_navigator.main' Completed post processing for playbook. (changed=False)
2023-05-06T13:49:04.755627+00:00 DEBUG 'ansible_navigator.main' Completed post processing for playbook_artifact_replay. (changed=False)
2023-05-06T13:49:04.755731+00:00 DEBUG 'ansible_navigator.main' Completed post processing for playbook_artifact_save_as. (changed=False)
2023-05-06T13:49:04.755792+00:00 DEBUG 'ansible_navigator.main' Completed post processing for plugin_name. (changed=False)
2023-05-06T13:49:04.755849+00:00 DEBUG 'ansible_navigator.main' Completed post processing for pull_arguments. (changed=False)
2023-05-06T13:49:04.755906+00:00 DEBUG 'ansible_navigator.main' Completed post processing for set_environment_variable. (changed=False)
2023-05-06T13:49:04.755963+00:00 DEBUG 'ansible_navigator.main' Completed post processing for settings_effective. (changed=False)
2023-05-06T13:49:04.756021+00:00 DEBUG 'ansible_navigator.main' Completed post processing for settings_sample. (changed=False)
2023-05-06T13:49:04.756078+00:00 DEBUG 'ansible_navigator.main' Completed post processing for settings_schema. (changed=False)
2023-05-06T13:49:04.756135+00:00 DEBUG 'ansible_navigator.main' Completed post processing for settings_sources. (changed=False)
2023-05-06T13:49:04.756191+00:00 DEBUG 'ansible_navigator.main' Completed post processing for time_zone. (changed=False)
2023-05-06T13:49:04.756265+00:00 DEBUG 'ansible_navigator.main' Completed post processing for execution_environment_volume_mounts. (changed=False)
2023-05-06T13:49:04.756325+00:00 DEBUG 'ansible_navigator.main' Completed post processing for mode. (changed=False)
2023-05-06T13:49:04.756385+00:00 DEBUG 'ansible_navigator.main' Completed post processing for playbook_artifact_enable. (changed=False)
2023-05-06T13:49:04.756448+00:00 WARNING 'ansible_navigator.main' Configuration errors encountered, rolling back to previous configuration.
2023-05-06T13:49:04.756507+00:00 DEBUG 'ansible_navigator.main' Prior to rollback: ansible_runner_artifact_dir = 'Not set' (Constants/Not set)
2023-05-06T13:49:04.756567+00:00 DEBUG 'ansible_navigator.main' Prior to rollback: ansible_runner_rotate_artifacts_count = 'Not set' (Constants/Not set)
2023-05-06T13:49:04.756714+00:00 DEBUG 'ansible_navigator.main' Prior to rollback: ansible_runner_timeout = 'Not set' (Constants/Not set)
2023-05-06T13:49:04.756788+00:00 DEBUG 'ansible_navigator.main' Prior to rollback: ansible_runner_write_job_events = 'False' (bool/Defaults)
2023-05-06T13:49:04.756848+00:00 DEBUG 'ansible_navigator.main' Prior to rollback: app = 'welcome' (str/Defaults)
2023-05-06T13:49:04.756908+00:00 DEBUG 'ansible_navigator.main' Prior to rollback: cmdline = 'Not set' (Constants/Not set)
2023-05-06T13:49:04.756968+00:00 DEBUG 'ansible_navigator.main' Prior to rollback: collection_doc_cache_path = '/home/denzellgil/.cache/ansible-navigator/collection_doc_cache.db' (str/Defaults)
2023-05-06T13:49:04.757029+00:00 DEBUG 'ansible_navigator.main' Prior to rollback: config = 'Not set' (Constants/Not set)
2023-05-06T13:49:04.757114+00:00 DEBUG 'ansible_navigator.main' Prior to rollback: container_engine = 'auto' (str/Defaults)
2023-05-06T13:49:04.757200+00:00 DEBUG 'ansible_navigator.main' Prior to rollback: container_options = 'Not set' (Constants/Not set)
2023-05-06T13:49:04.757275+00:00 DEBUG 'ansible_navigator.main' Prior to rollback: display_color = 'True' (bool/Defaults)
2023-05-06T13:49:04.757333+00:00 DEBUG 'ansible_navigator.main' Prior to rollback: editor_command = 'vi +{line_number} {filename}' (str/Defaults)
2023-05-06T13:49:04.757395+00:00 DEBUG 'ansible_navigator.main' Prior to rollback: editor_console = 'True' (bool/Defaults)
2023-05-06T13:49:04.757457+00:00 DEBUG 'ansible_navigator.main' Prior to rollback: enable_prompts = 'False' (bool/Defaults)
2023-05-06T13:49:04.757515+00:00 DEBUG 'ansible_navigator.main' Prior to rollback: exec_command = '/bin/bash' (str/Defaults)
2023-05-06T13:49:04.757580+00:00 DEBUG 'ansible_navigator.main' Prior to rollback: exec_shell = 'True' (bool/Defaults)
2023-05-06T13:49:04.757679+00:00 DEBUG 'ansible_navigator.main' Prior to rollback: execution_environment = 'True' (bool/Defaults)
2023-05-06T13:49:04.757738+00:00 DEBUG 'ansible_navigator.main' Prior to rollback: execution_environment_image = 'ghcr.io/ansible/creator-ee:v0.17.0' (str/Defaults)
2023-05-06T13:49:04.757797+00:00 DEBUG 'ansible_navigator.main' Prior to rollback: execution_environment_volume_mounts = 'Not set' (Constants/Not set)
2023-05-06T13:49:04.757855+00:00 DEBUG 'ansible_navigator.main' Prior to rollback: format = 'yaml' (str/Defaults)
2023-05-06T13:49:04.757914+00:00 DEBUG 'ansible_navigator.main' Prior to rollback: help_builder = 'False' (bool/Defaults)
2023-05-06T13:49:04.757972+00:00 DEBUG 'ansible_navigator.main' Prior to rollback: help_config = 'False' (bool/Defaults)
2023-05-06T13:49:04.758029+00:00 DEBUG 'ansible_navigator.main' Prior to rollback: help_doc = 'False' (bool/Defaults)
2023-05-06T13:49:04.758088+00:00 DEBUG 'ansible_navigator.main' Prior to rollback: help_inventory = 'False' (bool/Defaults)
2023-05-06T13:49:04.758146+00:00 DEBUG 'ansible_navigator.main' Prior to rollback: help_playbook = 'False' (bool/Defaults)
2023-05-06T13:49:04.758204+00:00 DEBUG 'ansible_navigator.main' Prior to rollback: images_details = '['everything']' (list/Defaults)
2023-05-06T13:49:04.758262+00:00 DEBUG 'ansible_navigator.main' Prior to rollback: inventory = '['/home/denzellgil/CPE243/CPE243_HOA12.1/hosts']' (list/Ansible configuration file)
2023-05-06T13:49:04.758321+00:00 DEBUG 'ansible_navigator.main' Prior to rollback: inventory_column = 'Not set' (Constants/Not set)
2023-05-06T13:49:04.758382+00:00 DEBUG 'ansible_navigator.main' Prior to rollback: lint_config = 'Not set' (Constants/Not set)
2023-05-06T13:49:04.758444+00:00 DEBUG 'ansible_navigator.main' Prior to rollback: lintables = 'Not set' (Constants/Not set)
2023-05-06T13:49:04.758502+00:00 DEBUG 'ansible_navigator.main' Prior to rollback: log_append = 'True' (bool/Defaults)
2023-05-06T13:49:04.758565+00:00 DEBUG 'ansible_navigator.main' Prior to rollback: log_file = '/home/denzellgil/CPE243/CPE243_HOA12.1/ansible-navigator.log' (str/Defaults)
2023-05-06T13:49:04.758662+00:00 DEBUG 'ansible_navigator.main' Prior to rollback: log_level = 'warning' (str/Defaults)
2023-05-06T13:49:04.758721+00:00 DEBUG 'ansible_navigator.main' Prior to rollback: mode = 'interactive' (str/Defaults)
2023-05-06T13:49:04.758785+00:00 DEBUG 'ansible_navigator.main' Prior to rollback: osc4 = 'True' (bool/Defaults)
2023-05-06T13:49:04.758845+00:00 DEBUG 'ansible_navigator.main' Prior to rollback: pass_environment_variable = 'Not set' (Constants/Not set)
2023-05-06T13:49:04.758935+00:00 DEBUG 'ansible_navigator.main' Prior to rollback: playbook = 'Not set' (Constants/Not set)
2023-05-06T13:49:04.759032+00:00 DEBUG 'ansible_navigator.main' Prior to rollback: playbook_artifact_enable = 'True' (bool/Defaults)
2023-05-06T13:49:04.759105+00:00 DEBUG 'ansible_navigator.main' Prior to rollback: playbook_artifact_replay = 'Not set' (Constants/Not set)
2023-05-06T13:49:04.759163+00:00 DEBUG 'ansible_navigator.main' Prior to rollback: playbook_artifact_save_as = '{playbook_dir}/{playbook_name}-artifact-{time_stamp}.json' (str/Defaults)
2023-05-06T13:49:04.759222+00:00 DEBUG 'ansible_navigator.main' Prior to rollback: plugin_name = 'Not set' (Constants/Not set)
2023-05-06T13:49:04.759280+00:00 DEBUG 'ansible_navigator.main' Prior to rollback: plugin_type = 'module' (str/Defaults)
2023-05-06T13:49:04.759360+00:00 DEBUG 'ansible_navigator.main' Prior to rollback: pull_arguments = 'Not set' (Constants/Not set)
2023-05-06T13:49:04.759438+00:00 DEBUG 'ansible_navigator.main' Prior to rollback: pull_policy = 'tag' (str/Defaults)
2023-05-06T13:49:04.759501+00:00 DEBUG 'ansible_navigator.main' Prior to rollback: set_environment_variable = 'Not set' (Constants/Not set)
2023-05-06T13:49:04.759564+00:00 DEBUG 'ansible_navigator.main' Prior to rollback: settings_effective = 'False' (bool/Defaults)
2023-05-06T13:49:04.759624+00:00 DEBUG 'ansible_navigator.main' Prior to rollback: settings_sample = 'False' (bool/Defaults)
2023-05-06T13:49:04.759682+00:00 DEBUG 'ansible_navigator.main' Prior to rollback: settings_schema = 'json' (str/Defaults)
2023-05-06T13:49:04.759740+00:00 DEBUG 'ansible_navigator.main' Prior to rollback: settings_sources = 'False' (bool/Defaults)
2023-05-06T13:49:04.759799+00:00 DEBUG 'ansible_navigator.main' Prior to rollback: time_zone = 'UTC' (str/Defaults)
2023-05-06T13:49:04.759857+00:00 DEBUG 'ansible_navigator.main' Prior to rollback: workdir = '/home/denzellgil/CPE243/CPE243_HOA12.1' (str/Defaults)
2023-05-06T13:49:04.759916+00:00 DEBUG 'ansible_navigator.main' After rollback: ansible_runner_artifact_dir = 'Not set' (Constants/Not set)
2023-05-06T13:49:04.759975+00:00 DEBUG 'ansible_navigator.main' After rollback: ansible_runner_rotate_artifacts_count = 'Not set' (Constants/Not set)
2023-05-06T13:49:04.760033+00:00 DEBUG 'ansible_navigator.main' After rollback: ansible_runner_timeout = 'Not set' (Constants/Not set)
2023-05-06T13:49:04.760092+00:00 DEBUG 'ansible_navigator.main' After rollback: ansible_runner_write_job_events = 'Not set' (Constants/Not set)
2023-05-06T13:49:04.760151+00:00 DEBUG 'ansible_navigator.main' After rollback: app = 'Not set' (Constants/Not set)
2023-05-06T13:49:04.760209+00:00 DEBUG 'ansible_navigator.main' After rollback: cmdline = 'Not set' (Constants/Not set)
2023-05-06T13:49:04.760268+00:00 DEBUG 'ansible_navigator.main' After rollback: collection_doc_cache_path = 'Not set' (Constants/Not set)
2023-05-06T13:49:04.760326+00:00 DEBUG 'ansible_navigator.main' After rollback: config = 'Not set' (Constants/Not set)
2023-05-06T13:49:04.760384+00:00 DEBUG 'ansible_navigator.main' After rollback: container_engine = 'Not set' (Constants/Not set)
2023-05-06T13:49:04.760444+00:00 DEBUG 'ansible_navigator.main' After rollback: container_options = 'Not set' (Constants/Not set)
2023-05-06T13:49:04.760537+00:00 DEBUG 'ansible_navigator.main' After rollback: display_color = 'Not set' (Constants/Not set)
2023-05-06T13:49:04.760617+00:00 DEBUG 'ansible_navigator.main' After rollback: editor_command = 'Not set' (Constants/Not set)
2023-05-06T13:49:04.760675+00:00 DEBUG 'ansible_navigator.main' After rollback: editor_console = 'Not set' (Constants/Not set)
2023-05-06T13:49:04.760734+00:00 DEBUG 'ansible_navigator.main' After rollback: enable_prompts = 'Not set' (Constants/Not set)
2023-05-06T13:49:04.760797+00:00 DEBUG 'ansible_navigator.main' After rollback: exec_command = 'Not set' (Constants/Not set)
2023-05-06T13:49:04.760856+00:00 DEBUG 'ansible_navigator.main' After rollback: exec_shell = 'Not set' (Constants/Not set)
2023-05-06T13:49:04.760914+00:00 DEBUG 'ansible_navigator.main' After rollback: execution_environment = 'Not set' (Constants/Not set)
2023-05-06T13:49:04.760972+00:00 DEBUG 'ansible_navigator.main' After rollback: execution_environment_image = 'Not set' (Constants/Not set)
2023-05-06T13:49:04.761031+00:00 DEBUG 'ansible_navigator.main' After rollback: execution_environment_volume_mounts = 'Not set' (Constants/Not set)
2023-05-06T13:49:04.761090+00:00 DEBUG 'ansible_navigator.main' After rollback: format = 'Not set' (Constants/Not set)
2023-05-06T13:49:04.761177+00:00 DEBUG 'ansible_navigator.main' After rollback: help_builder = 'Not set' (Constants/Not set)
2023-05-06T13:49:04.761236+00:00 DEBUG 'ansible_navigator.main' After rollback: help_config = 'Not set' (Constants/Not set)
2023-05-06T13:49:04.761298+00:00 DEBUG 'ansible_navigator.main' After rollback: help_doc = 'Not set' (Constants/Not set)
2023-05-06T13:49:04.761360+00:00 DEBUG 'ansible_navigator.main' After rollback: help_inventory = 'Not set' (Constants/Not set)
2023-05-06T13:49:04.761419+00:00 DEBUG 'ansible_navigator.main' After rollback: help_playbook = 'Not set' (Constants/Not set)
2023-05-06T13:49:04.761483+00:00 DEBUG 'ansible_navigator.main' After rollback: images_details = 'Not set' (Constants/Not set)
2023-05-06T13:49:04.761542+00:00 DEBUG 'ansible_navigator.main' After rollback: inventory = 'Not set' (Constants/Not set)
2023-05-06T13:49:04.761600+00:00 DEBUG 'ansible_navigator.main' After rollback: inventory_column = 'Not set' (Constants/Not set)
2023-05-06T13:49:04.761659+00:00 DEBUG 'ansible_navigator.main' After rollback: lint_config = 'Not set' (Constants/Not set)
2023-05-06T13:49:04.761717+00:00 DEBUG 'ansible_navigator.main' After rollback: lintables = 'Not set' (Constants/Not set)
2023-05-06T13:49:04.761775+00:00 DEBUG 'ansible_navigator.main' After rollback: log_append = 'Not set' (Constants/Not set)
2023-05-06T13:49:04.761833+00:00 DEBUG 'ansible_navigator.main' After rollback: log_file = 'Not set' (Constants/Not set)
2023-05-06T13:49:04.761891+00:00 DEBUG 'ansible_navigator.main' After rollback: log_level = 'Not set' (Constants/Not set)
2023-05-06T13:49:04.761949+00:00 DEBUG 'ansible_navigator.main' After rollback: mode = 'Not set' (Constants/Not set)
2023-05-06T13:49:04.762008+00:00 DEBUG 'ansible_navigator.main' After rollback: osc4 = 'Not set' (Constants/Not set)
2023-05-06T13:49:04.762066+00:00 DEBUG 'ansible_navigator.main' After rollback: pass_environment_variable = 'Not set' (Constants/Not set)
2023-05-06T13:49:04.762125+00:00 DEBUG 'ansible_navigator.main' After rollback: playbook = 'Not set' (Constants/Not set)
2023-05-06T13:49:04.762183+00:00 DEBUG 'ansible_navigator.main' After rollback: playbook_artifact_enable = 'Not set' (Constants/Not set)
2023-05-06T13:49:04.762244+00:00 DEBUG 'ansible_navigator.main' After rollback: playbook_artifact_replay = 'Not set' (Constants/Not set)
2023-05-06T13:49:04.762306+00:00 DEBUG 'ansible_navigator.main' After rollback: playbook_artifact_save_as = 'Not set' (Constants/Not set)
2023-05-06T13:49:04.762366+00:00 DEBUG 'ansible_navigator.main' After rollback: plugin_name = 'Not set' (Constants/Not set)
2023-05-06T13:49:04.762425+00:00 DEBUG 'ansible_navigator.main' After rollback: plugin_type = 'Not set' (Constants/Not set)
2023-05-06T13:49:04.762516+00:00 DEBUG 'ansible_navigator.main' After rollback: pull_arguments = 'Not set' (Constants/Not set)
2023-05-06T13:49:04.762589+00:00 DEBUG 'ansible_navigator.main' After rollback: pull_policy = 'Not set' (Constants/Not set)
2023-05-06T13:49:04.762648+00:00 DEBUG 'ansible_navigator.main' After rollback: set_environment_variable = 'Not set' (Constants/Not set)
2023-05-06T13:49:04.762706+00:00 DEBUG 'ansible_navigator.main' After rollback: settings_effective = 'Not set' (Constants/Not set)
2023-05-06T13:49:04.762769+00:00 DEBUG 'ansible_navigator.main' After rollback: settings_sample = 'Not set' (Constants/Not set)
2023-05-06T13:49:04.762828+00:00 DEBUG 'ansible_navigator.main' After rollback: settings_schema = 'Not set' (Constants/Not set)
2023-05-06T13:49:04.762886+00:00 DEBUG 'ansible_navigator.main' After rollback: settings_sources = 'Not set' (Constants/Not set)
2023-05-06T13:49:04.762944+00:00 DEBUG 'ansible_navigator.main' After rollback: time_zone = 'Not set' (Constants/Not set)
2023-05-06T13:49:04.763003+00:00 DEBUG 'ansible_navigator.main' After rollback: workdir = 'Not set' (Constants/Not set)
2023-05-06T13:49:04.763062+00:00 DEBUG 'ansible_navigator.main' Configuration rollback complete.
2023-05-06T13:49:04.763120+00:00 DEBUG 'ansible_navigator.main' Collection doc cache not mounted
2023-05-06T13:49:04.763186+00:00 WARNING 'ansible_navigator.main' Issues were found while applying the settings.
2023-05-06T13:49:04.763251+00:00 INFO 'ansible_navigator.main' Command provided: ''
2023-05-06T13:49:04.763319+00:00 ERROR 'ansible_navigator.main' No container engine could be found: 'auto', set by 'Defaults'
2023-05-06T13:49:04.763381+00:00 INFO 'ansible_navigator.main' Try installing 'podman' or 'docker'
2023-05-06T13:49:04.763472+00:00 INFO 'ansible_navigator.main' Configuration failed, using default log file location. (/home/denzellgil/CPE243/CPE243_HOA12.1/ansible-navigator.log) Log level set to debug
2023-05-06T13:49:04.763565+00:00 INFO 'ansible_navigator.main' Review the hints and log file to see what went wrong.
2023-05-06T14:01:35.237674+00:00 WARNING 'ansible_navigator.image_manager.puller._log_message' Image inspection failed, image assumed to be corrupted or missing
2023-05-06T14:01:35.237886+00:00 WARNING 'ansible_navigator.image_manager.puller._log_message' stdout: []

2023-05-06T14:01:35.237925+00:00 WARNING 'ansible_navigator.image_manager.puller._log_message' stderr: permission denied while trying to connect to the Docker daemon socket at unix:///var/run/docker.sock: Get "http://%2Fvar%2Frun%2Fdocker.sock/v1.24/images/ghcr.io/ansible/creator-ee:v0.17.0/json": dial unix /var/run/docker.sock: connect: permission denied

2023-05-06T14:01:35.363004+00:00 ERROR 'ansible_navigator.image_manager.puller._log_message' Execution environment pull failed
2023-05-06T14:01:35.363096+00:00 ERROR 'ansible_navigator.image_manager.puller._log_message' permission denied while trying to connect to the Docker daemon socket at unix:///var/run/docker.sock: Post "http://%2Fvar%2Frun%2Fdocker.sock/v1.24/images/create?fromImage=ghcr.io%2Fansible%2Fcreator-ee&tag=v0.17.0": dial unix /var/run/docker.sock: connect: permission denied
2023-05-06T14:01:35.491245+00:00 CRITICAL 'ansible_navigator.actions.run_5e53._handle_message' Unhandled message from runner queue, discarded: {'event': 'verbose', 'uuid': 'fac5d6f5-9732-46e0-9cb6-7d710dd89b32', 'counter': 1, 'stdout': 'docker: permission denied while trying to connect to the Docker daemon socket at unix:///var/run/docker.sock: Post "http://%2Fvar%2Frun%2Fdocker.sock/v1.24/containers/create?name=ansible_runner_b4115307-1084-4c10-bebb-1a27eb1d9304": dial unix /var/run/docker.sock: connect: permission denied.', 'start_line': 0, 'end_line': 1, 'runner_ident': 'b4115307-1084-4c10-bebb-1a27eb1d9304', 'created': '2023-05-06T14:01:35.491000'}
2023-05-06T14:01:35.596401+00:00 CRITICAL 'ansible_navigator.actions.run_5e53._handle_message' Unhandled message from runner queue, discarded: {'event': 'verbose', 'uuid': '9d2e4bb0-fd08-48e4-9ac2-e0f352669556', 'counter': 2, 'stdout': "See 'docker run --help'.", 'start_line': 1, 'end_line': 2, 'runner_ident': 'b4115307-1084-4c10-bebb-1a27eb1d9304', 'created': '2023-05-06T14:01:35.491906'}
2023-05-06T14:01:42.831879+00:00 WARNING 'ansible_navigator.run' Dirty exit, killing the pid
2023-05-06T14:01:52.214312+00:00 WARNING 'ansible_navigator.image_manager.puller._log_message' Image inspection failed, image assumed to be corrupted or missing
2023-05-06T14:01:52.214561+00:00 WARNING 'ansible_navigator.image_manager.puller._log_message' stdout: []

2023-05-06T14:01:52.214630+00:00 WARNING 'ansible_navigator.image_manager.puller._log_message' stderr: permission denied while trying to connect to the Docker daemon socket at unix:///var/run/docker.sock: Get "http://%2Fvar%2Frun%2Fdocker.sock/v1.24/images/ghcr.io/ansible/creator-ee:v0.17.0/json": dial unix /var/run/docker.sock: connect: permission denied

2023-05-06T14:01:52.249887+00:00 ERROR 'ansible_navigator.image_manager.puller._log_message' Execution environment pull failed
2023-05-06T14:01:52.250025+00:00 ERROR 'ansible_navigator.image_manager.puller._log_message' permission denied while trying to connect to the Docker daemon socket at unix:///var/run/docker.sock: Post "http://%2Fvar%2Frun%2Fdocker.sock/v1.24/images/create?fromImage=ghcr.io%2Fansible%2Fcreator-ee&tag=v0.17.0": dial unix /var/run/docker.sock: connect: permission denied
2023-05-06T14:01:52.368233+00:00 CRITICAL 'ansible_navigator.actions.run_f392._handle_message' Unhandled message from runner queue, discarded: {'event': 'verbose', 'uuid': 'f42ea268-a13f-4b15-87c3-a592953d24c1', 'counter': 1, 'stdout': 'docker: permission denied while trying to connect to the Docker daemon socket at unix:///var/run/docker.sock: Post "http://%2Fvar%2Frun%2Fdocker.sock/v1.24/containers/create?name=ansible_runner_5f3060aa-b74a-49ec-b13a-ab5cbefb3495": dial unix /var/run/docker.sock: connect: permission denied.', 'start_line': 0, 'end_line': 1, 'runner_ident': '5f3060aa-b74a-49ec-b13a-ab5cbefb3495', 'created': '2023-05-06T14:01:52.368004'}
2023-05-06T14:01:52.494884+00:00 CRITICAL 'ansible_navigator.actions.run_f392._handle_message' Unhandled message from runner queue, discarded: {'event': 'verbose', 'uuid': 'd1034c46-c229-4255-91dc-853d857e97c1', 'counter': 2, 'stdout': "See 'docker run --help'.", 'start_line': 1, 'end_line': 2, 'runner_ident': '5f3060aa-b74a-49ec-b13a-ab5cbefb3495', 'created': '2023-05-06T14:01:52.368972'}
2023-05-06T14:01:52.599406+00:00 ERROR 'ansible_navigator.actions.run_f392.write_artifact' Saving the artifact file failed, resulted in the following error: f[Errno 13] Permission denied: '/false-artifact-2023-05-06T14:01:52.598410+00:00.json'
2023-05-06T14:02:25.499958+00:00 WARNING 'ansible_navigator.run' Dirty exit, killing the pid
2023-05-06T14:06:31.903035+00:00 WARNING 'ansible_navigator.image_manager.puller._log_message' Image inspection failed, image assumed to be corrupted or missing
2023-05-06T14:06:31.903257+00:00 WARNING 'ansible_navigator.image_manager.puller._log_message' stdout: []

2023-05-06T14:06:31.903296+00:00 WARNING 'ansible_navigator.image_manager.puller._log_message' stderr: permission denied while trying to connect to the Docker daemon socket at unix:///var/run/docker.sock: Get "http://%2Fvar%2Frun%2Fdocker.sock/v1.24/images/ghcr.io/ansible/creator-ee:v0.17.0/json": dial unix /var/run/docker.sock: connect: permission denied

2023-05-06T14:06:32.210722+00:00 ERROR 'ansible_navigator.image_manager.puller._log_message' Execution environment pull failed
2023-05-06T14:06:32.210841+00:00 ERROR 'ansible_navigator.image_manager.puller._log_message' permission denied while trying to connect to the Docker daemon socket at unix:///var/run/docker.sock: Post "http://%2Fvar%2Frun%2Fdocker.sock/v1.24/images/create?fromImage=ghcr.io%2Fansible%2Fcreator-ee&tag=v0.17.0": dial unix /var/run/docker.sock: connect: permission denied
2023-05-06T14:06:32.423225+00:00 CRITICAL 'ansible_navigator.actions.run_629d._handle_message' Unhandled message from runner queue, discarded: {'event': 'verbose', 'uuid': '8acb2e74-ece7-41d0-bcd8-c88ebc1ce5d4', 'counter': 1, 'stdout': 'docker: permission denied while trying to connect to the Docker daemon socket at unix:///var/run/docker.sock: Post "http://%2Fvar%2Frun%2Fdocker.sock/v1.24/containers/create?name=ansible_runner_59ca45ae-49e0-4517-8fb7-02e21d0d4724": dial unix /var/run/docker.sock: connect: permission denied.', 'start_line': 0, 'end_line': 1, 'runner_ident': '59ca45ae-49e0-4517-8fb7-02e21d0d4724', 'created': '2023-05-06T14:06:32.422936'}
2023-05-06T14:06:32.525660+00:00 CRITICAL 'ansible_navigator.actions.run_629d._handle_message' Unhandled message from runner queue, discarded: {'event': 'verbose', 'uuid': '981118e4-5886-40dd-87db-2b744450ca5d', 'counter': 2, 'stdout': "See 'docker run --help'.", 'start_line': 1, 'end_line': 2, 'runner_ident': '59ca45ae-49e0-4517-8fb7-02e21d0d4724', 'created': '2023-05-06T14:06:32.423900'}
2023-05-06T14:07:12.810340+00:00 WARNING 'ansible_navigator.run' Dirty exit, killing the pid
2023-05-06T14:07:59.348964+00:00 WARNING 'ansible_navigator.image_manager.puller._log_message' Image inspection failed, image assumed to be corrupted or missing
2023-05-06T14:07:59.349199+00:00 WARNING 'ansible_navigator.image_manager.puller._log_message' stdout: []

2023-05-06T14:07:59.349243+00:00 WARNING 'ansible_navigator.image_manager.puller._log_message' stderr: permission denied while trying to connect to the Docker daemon socket at unix:///var/run/docker.sock: Get "http://%2Fvar%2Frun%2Fdocker.sock/v1.24/images/ghcr.io/ansible/creator-ee:v0.17.0/json": dial unix /var/run/docker.sock: connect: permission denied

2023-05-06T14:07:59.399527+00:00 ERROR 'ansible_navigator.image_manager.puller._log_message' Execution environment pull failed
2023-05-06T14:07:59.399637+00:00 ERROR 'ansible_navigator.image_manager.puller._log_message' permission denied while trying to connect to the Docker daemon socket at unix:///var/run/docker.sock: Post "http://%2Fvar%2Frun%2Fdocker.sock/v1.24/images/create?fromImage=ghcr.io%2Fansible%2Fcreator-ee&tag=v0.17.0": dial unix /var/run/docker.sock: connect: permission denied
2023-05-06T14:07:59.573825+00:00 CRITICAL 'ansible_navigator.actions.run_1995._handle_message' Unhandled message from runner queue, discarded: {'event': 'verbose', 'uuid': '4ceda20b-26d9-47ba-a27e-756486d080cf', 'counter': 1, 'stdout': 'docker: permission denied while trying to connect to the Docker daemon socket at unix:///var/run/docker.sock: Post "http://%2Fvar%2Frun%2Fdocker.sock/v1.24/containers/create?name=ansible_runner_acaa5bb7-5758-47f1-9fe6-b04317fc7119": dial unix /var/run/docker.sock: connect: permission denied.', 'start_line': 0, 'end_line': 1, 'runner_ident': 'acaa5bb7-5758-47f1-9fe6-b04317fc7119', 'created': '2023-05-06T14:07:59.573457'}
2023-05-06T14:07:59.676470+00:00 CRITICAL 'ansible_navigator.actions.run_1995._handle_message' Unhandled message from runner queue, discarded: {'event': 'verbose', 'uuid': '4a25e988-8985-43c8-922c-c4fe543e409f', 'counter': 2, 'stdout': "See 'docker run --help'.", 'start_line': 1, 'end_line': 2, 'runner_ident': 'acaa5bb7-5758-47f1-9fe6-b04317fc7119', 'created': '2023-05-06T14:07:59.574563'}
2023-05-06T14:08:12.702791+00:00 WARNING 'ansible_navigator.run' Dirty exit, killing the pid
2023-05-06T14:08:56.309974+00:00 WARNING 'ansible_navigator.image_manager.puller._log_message' Image inspection failed, image assumed to be corrupted or missing
2023-05-06T14:08:56.310188+00:00 WARNING 'ansible_navigator.image_manager.puller._log_message' stdout: []

2023-05-06T14:08:56.310225+00:00 WARNING 'ansible_navigator.image_manager.puller._log_message' stderr: permission denied while trying to connect to the Docker daemon socket at unix:///var/run/docker.sock: Get "http://%2Fvar%2Frun%2Fdocker.sock/v1.24/images/ghcr.io/ansible/creator-ee:v0.17.0/json": dial unix /var/run/docker.sock: connect: permission denied

2023-05-06T14:08:56.328299+00:00 ERROR 'ansible_navigator.image_manager.puller._log_message' Execution environment pull failed
2023-05-06T14:08:56.328434+00:00 ERROR 'ansible_navigator.image_manager.puller._log_message' permission denied while trying to connect to the Docker daemon socket at unix:///var/run/docker.sock: Post "http://%2Fvar%2Frun%2Fdocker.sock/v1.24/images/create?fromImage=ghcr.io%2Fansible%2Fcreator-ee&tag=v0.17.0": dial unix /var/run/docker.sock: connect: permission denied
2023-05-06T14:08:56.445416+00:00 CRITICAL 'ansible_navigator.actions.run_30ab._handle_message' Unhandled message from runner queue, discarded: {'event': 'verbose', 'uuid': 'dfa9bdba-7626-4a70-9525-c30cf2fb4e9a', 'counter': 1, 'stdout': 'docker: permission denied while trying to connect to the Docker daemon socket at unix:///var/run/docker.sock: Post "http://%2Fvar%2Frun%2Fdocker.sock/v1.24/containers/create?name=ansible_runner_eda5f1f5-229e-4b24-a187-61583b6a902f": dial unix /var/run/docker.sock: connect: permission denied.', 'start_line': 0, 'end_line': 1, 'runner_ident': 'eda5f1f5-229e-4b24-a187-61583b6a902f', 'created': '2023-05-06T14:08:56.445117'}
2023-05-06T14:08:56.445636+00:00 CRITICAL 'ansible_navigator.actions.run_30ab._handle_message' Unhandled message from runner queue, discarded: {'event': 'verbose', 'uuid': 'a80fbc37-038f-4ae9-8f83-2555e3e42a10', 'counter': 2, 'stdout': "See 'docker run --help'.", 'start_line': 1, 'end_line': 2, 'runner_ident': 'eda5f1f5-229e-4b24-a187-61583b6a902f', 'created': '2023-05-06T14:08:56.445277'}
2023-05-06T14:09:03.448248+00:00 WARNING 'ansible_navigator.run' Dirty exit, killing the pid
2023-05-06T14:09:05.985822+00:00 WARNING 'ansible_navigator.image_manager.puller._log_message' Image inspection failed, image assumed to be corrupted or missing
2023-05-06T14:09:05.986044+00:00 WARNING 'ansible_navigator.image_manager.puller._log_message' stdout: []

2023-05-06T14:09:05.986084+00:00 WARNING 'ansible_navigator.image_manager.puller._log_message' stderr: permission denied while trying to connect to the Docker daemon socket at unix:///var/run/docker.sock: Get "http://%2Fvar%2Frun%2Fdocker.sock/v1.24/images/ghcr.io/ansible/creator-ee:v0.17.0/json": dial unix /var/run/docker.sock: connect: permission denied

2023-05-06T14:09:06.039564+00:00 ERROR 'ansible_navigator.image_manager.puller._log_message' Execution environment pull failed
2023-05-06T14:09:06.039666+00:00 ERROR 'ansible_navigator.image_manager.puller._log_message' permission denied while trying to connect to the Docker daemon socket at unix:///var/run/docker.sock: Post "http://%2Fvar%2Frun%2Fdocker.sock/v1.24/images/create?fromImage=ghcr.io%2Fansible%2Fcreator-ee&tag=v0.17.0": dial unix /var/run/docker.sock: connect: permission denied
2023-05-06T14:09:06.143965+00:00 CRITICAL 'ansible_navigator.actions.run_bb6d._handle_message' Unhandled message from runner queue, discarded: {'event': 'verbose', 'uuid': '1e98ceec-0276-4028-bc5d-3671a7d7ea6b', 'counter': 1, 'stdout': 'docker: permission denied while trying to connect to the Docker daemon socket at unix:///var/run/docker.sock: Post "http://%2Fvar%2Frun%2Fdocker.sock/v1.24/containers/create?name=ansible_runner_62bf02b7-5ac1-4514-a8a0-21f904bb0420": dial unix /var/run/docker.sock: connect: permission denied.', 'start_line': 0, 'end_line': 1, 'runner_ident': '62bf02b7-5ac1-4514-a8a0-21f904bb0420', 'created': '2023-05-06T14:09:06.143678'}
2023-05-06T14:09:06.144143+00:00 CRITICAL 'ansible_navigator.actions.run_bb6d._handle_message' Unhandled message from runner queue, discarded: {'event': 'verbose', 'uuid': 'abeca0c8-cafb-43a8-b317-d29a12ba04ad', 'counter': 2, 'stdout': "See 'docker run --help'.", 'start_line': 1, 'end_line': 2, 'runner_ident': '62bf02b7-5ac1-4514-a8a0-21f904bb0420', 'created': '2023-05-06T14:09:06.143817'}
2023-05-06T14:16:56.367359+00:00 WARNING 'ansible_navigator.run' Dirty exit, killing the pid
2023-05-06T14:18:23.468699+00:00 WARNING 'ansible_navigator.image_manager.puller._log_message' Image inspection failed, image assumed to be corrupted or missing
2023-05-06T14:18:23.469101+00:00 WARNING 'ansible_navigator.image_manager.puller._log_message' stdout: []

2023-05-06T14:18:23.469160+00:00 WARNING 'ansible_navigator.image_manager.puller._log_message' stderr: permission denied while trying to connect to the Docker daemon socket at unix:///var/run/docker.sock: Get "http://%2Fvar%2Frun%2Fdocker.sock/v1.24/images/ghcr.io/ansible/creator-ee:v0.17.0/json": dial unix /var/run/docker.sock: connect: permission denied

2023-05-06T14:18:23.661862+00:00 ERROR 'ansible_navigator.image_manager.puller._log_message' Execution environment pull failed
2023-05-06T14:18:23.661963+00:00 ERROR 'ansible_navigator.image_manager.puller._log_message' permission denied while trying to connect to the Docker daemon socket at unix:///var/run/docker.sock: Post "http://%2Fvar%2Frun%2Fdocker.sock/v1.24/images/create?fromImage=ghcr.io%2Fansible%2Fcreator-ee&tag=v0.17.0": dial unix /var/run/docker.sock: connect: permission denied
2023-05-06T14:18:23.752827+00:00 CRITICAL 'ansible_navigator.actions.run_ea1a._handle_message' Unhandled message from runner queue, discarded: {'event': 'verbose', 'uuid': '8300bea0-0154-48f4-9d48-c04da1fa13b8', 'counter': 1, 'stdout': 'docker: permission denied while trying to connect to the Docker daemon socket at unix:///var/run/docker.sock: Post "http://%2Fvar%2Frun%2Fdocker.sock/v1.24/containers/create?name=ansible_runner_a0d3703c-c517-43d8-bae5-d9bc1ebbc746": dial unix /var/run/docker.sock: connect: permission denied.', 'start_line': 0, 'end_line': 1, 'runner_ident': 'a0d3703c-c517-43d8-bae5-d9bc1ebbc746', 'created': '2023-05-06T14:18:23.752417'}
2023-05-06T14:18:23.753557+00:00 CRITICAL 'ansible_navigator.actions.run_ea1a._handle_message' Unhandled message from runner queue, discarded: {'event': 'verbose', 'uuid': '07a9bf6d-6940-480c-88ec-7b310d8315a7', 'counter': 2, 'stdout': "See 'docker run --help'.", 'start_line': 1, 'end_line': 2, 'runner_ident': 'a0d3703c-c517-43d8-bae5-d9bc1ebbc746', 'created': '2023-05-06T14:18:23.752612'}
2023-05-06T14:19:27.245044+00:00 WARNING 'ansible_navigator.run' Dirty exit, killing the pid
2023-05-06T14:30:50.556350+00:00 WARNING 'ansible_navigator.image_manager.puller._log_message' Image inspection failed, image assumed to be corrupted or missing
2023-05-06T14:30:50.556560+00:00 WARNING 'ansible_navigator.image_manager.puller._log_message' stdout: []

2023-05-06T14:30:50.556598+00:00 WARNING 'ansible_navigator.image_manager.puller._log_message' stderr: permission denied while trying to connect to the Docker daemon socket at unix:///var/run/docker.sock: Get "http://%2Fvar%2Frun%2Fdocker.sock/v1.24/images/ghcr.io/ansible/creator-ee:v0.17.0/json": dial unix /var/run/docker.sock: connect: permission denied

2023-05-06T14:30:50.883500+00:00 ERROR 'ansible_navigator.image_manager.puller._log_message' Execution environment pull failed
2023-05-06T14:30:50.883597+00:00 ERROR 'ansible_navigator.image_manager.puller._log_message' permission denied while trying to connect to the Docker daemon socket at unix:///var/run/docker.sock: Post "http://%2Fvar%2Frun%2Fdocker.sock/v1.24/images/create?fromImage=ghcr.io%2Fansible%2Fcreator-ee&tag=v0.17.0": dial unix /var/run/docker.sock: connect: permission denied
2023-05-06T14:30:51.032205+00:00 CRITICAL 'ansible_navigator.actions.run_38e8._handle_message' Unhandled message from runner queue, discarded: {'event': 'verbose', 'uuid': '44c6fe5d-d523-4936-b359-b9e155707040', 'counter': 1, 'stdout': 'docker: permission denied while trying to connect to the Docker daemon socket at unix:///var/run/docker.sock: Post "http://%2Fvar%2Frun%2Fdocker.sock/v1.24/containers/create?name=ansible_runner_2a7621fa-3dcb-4e3f-8a83-66b97fa10145": dial unix /var/run/docker.sock: connect: permission denied.', 'start_line': 0, 'end_line': 1, 'runner_ident': '2a7621fa-3dcb-4e3f-8a83-66b97fa10145', 'created': '2023-05-06T14:30:51.031948'}
2023-05-06T14:30:51.139278+00:00 CRITICAL 'ansible_navigator.actions.run_38e8._handle_message' Unhandled message from runner queue, discarded: {'event': 'verbose', 'uuid': '1125bb63-cb39-4ed9-8203-d70500373445', 'counter': 2, 'stdout': "See 'docker run --help'.", 'start_line': 1, 'end_line': 2, 'runner_ident': '2a7621fa-3dcb-4e3f-8a83-66b97fa10145', 'created': '2023-05-06T14:30:51.032900'}
2023-05-06T14:30:55.533283+00:00 WARNING 'ansible_navigator.run' Dirty exit, killing the pid
2023-05-06T14:32:02.388116+00:00 WARNING 'ansible_navigator.image_manager.puller._log_message' Image inspection failed, image assumed to be corrupted or missing
2023-05-06T14:32:02.388330+00:00 WARNING 'ansible_navigator.image_manager.puller._log_message' stdout: []

2023-05-06T14:32:02.388368+00:00 WARNING 'ansible_navigator.image_manager.puller._log_message' stderr: permission denied while trying to connect to the Docker daemon socket at unix:///var/run/docker.sock: Get "http://%2Fvar%2Frun%2Fdocker.sock/v1.24/images/ghcr.io/ansible/creator-ee:v0.17.0/json": dial unix /var/run/docker.sock: connect: permission denied

2023-05-06T14:32:02.504550+00:00 ERROR 'ansible_navigator.image_manager.puller._log_message' Execution environment pull failed
2023-05-06T14:32:02.504646+00:00 ERROR 'ansible_navigator.image_manager.puller._log_message' permission denied while trying to connect to the Docker daemon socket at unix:///var/run/docker.sock: Post "http://%2Fvar%2Frun%2Fdocker.sock/v1.24/images/create?fromImage=ghcr.io%2Fansible%2Fcreator-ee&tag=v0.17.0": dial unix /var/run/docker.sock: connect: permission denied
2023-05-06T14:32:02.577279+00:00 CRITICAL 'ansible_navigator.actions.run_4f5e._handle_message' Unhandled message from runner queue, discarded: {'event': 'verbose', 'uuid': 'b43dcdfc-f012-4317-ab69-1734fdfba53c', 'counter': 1, 'stdout': 'docker: permission denied while trying to connect to the Docker daemon socket at unix:///var/run/docker.sock: Post "http://%2Fvar%2Frun%2Fdocker.sock/v1.24/containers/create?name=ansible_runner_1e79a4c0-5ff0-4815-9947-8173a234077e": dial unix /var/run/docker.sock: connect: permission denied.', 'start_line': 0, 'end_line': 1, 'runner_ident': '1e79a4c0-5ff0-4815-9947-8173a234077e', 'created': '2023-05-06T14:32:02.573493'}
2023-05-06T14:32:02.580490+00:00 CRITICAL 'ansible_navigator.actions.run_4f5e._handle_message' Unhandled message from runner queue, discarded: {'event': 'verbose', 'uuid': 'd159d00a-b39c-4b23-8c54-dc94c09168eb', 'counter': 2, 'stdout': "See 'docker run --help'.", 'start_line': 1, 'end_line': 2, 'runner_ident': '1e79a4c0-5ff0-4815-9947-8173a234077e', 'created': '2023-05-06T14:32:02.573689'}
2023-05-06T14:32:07.204180+00:00 WARNING 'ansible_navigator.run' Dirty exit, killing the pid
2023-05-06T14:35:20.958813+00:00 WARNING 'ansible_navigator.image_manager.puller._log_message' Image inspection failed, image assumed to be corrupted or missing
2023-05-06T14:35:20.959085+00:00 WARNING 'ansible_navigator.image_manager.puller._log_message' stdout: []

2023-05-06T14:35:20.959126+00:00 WARNING 'ansible_navigator.image_manager.puller._log_message' stderr: permission denied while trying to connect to the Docker daemon socket at unix:///var/run/docker.sock: Get "http://%2Fvar%2Frun%2Fdocker.sock/v1.24/images/ghcr.io/ansible/creator-ee:v0.17.0/json": dial unix /var/run/docker.sock: connect: permission denied

2023-05-06T14:35:21.076935+00:00 ERROR 'ansible_navigator.image_manager.puller._log_message' Execution environment pull failed
2023-05-06T14:35:21.077037+00:00 ERROR 'ansible_navigator.image_manager.puller._log_message' permission denied while trying to connect to the Docker daemon socket at unix:///var/run/docker.sock: Post "http://%2Fvar%2Frun%2Fdocker.sock/v1.24/images/create?fromImage=ghcr.io%2Fansible%2Fcreator-ee&tag=v0.17.0": dial unix /var/run/docker.sock: connect: permission denied
2023-05-06T14:35:21.287201+00:00 CRITICAL 'ansible_navigator.actions.run_70c5._handle_message' Unhandled message from runner queue, discarded: {'event': 'verbose', 'uuid': '03ebe1bf-f148-49b0-b085-a3e21d21b705', 'counter': 1, 'stdout': 'docker: permission denied while trying to connect to the Docker daemon socket at unix:///var/run/docker.sock: Post "http://%2Fvar%2Frun%2Fdocker.sock/v1.24/containers/create?name=ansible_runner_a8af6592-1e18-49f9-99ce-96daada24dff": dial unix /var/run/docker.sock: connect: permission denied.', 'start_line': 0, 'end_line': 1, 'runner_ident': 'a8af6592-1e18-49f9-99ce-96daada24dff', 'created': '2023-05-06T14:35:21.286947'}
2023-05-06T14:35:21.407354+00:00 CRITICAL 'ansible_navigator.actions.run_70c5._handle_message' Unhandled message from runner queue, discarded: {'event': 'verbose', 'uuid': '7ca4508e-6b1d-45c1-a6d5-dc7bcf089d83', 'counter': 2, 'stdout': "See 'docker run --help'.", 'start_line': 1, 'end_line': 2, 'runner_ident': 'a8af6592-1e18-49f9-99ce-96daada24dff', 'created': '2023-05-06T14:35:21.287884'}
2023-05-06T14:35:23.697595+00:00 WARNING 'ansible_navigator.run' Dirty exit, killing the pid
2023-05-06T14:41:21.942914+00:00 WARNING 'ansible_navigator.image_manager.puller._log_message' Image inspection failed, image assumed to be corrupted or missing
2023-05-06T14:41:21.943164+00:00 WARNING 'ansible_navigator.image_manager.puller._log_message' stdout: []

2023-05-06T14:41:21.943246+00:00 WARNING 'ansible_navigator.image_manager.puller._log_message' stderr: permission denied while trying to connect to the Docker daemon socket at unix:///var/run/docker.sock: Get "http://%2Fvar%2Frun%2Fdocker.sock/v1.24/images/ghcr.io/ansible/creator-ee:v0.17.0/json": dial unix /var/run/docker.sock: connect: permission denied

2023-05-06T14:41:22.228920+00:00 ERROR 'ansible_navigator.image_manager.puller._log_message' Execution environment pull failed
2023-05-06T14:41:22.229058+00:00 ERROR 'ansible_navigator.image_manager.puller._log_message' permission denied while trying to connect to the Docker daemon socket at unix:///var/run/docker.sock: Post "http://%2Fvar%2Frun%2Fdocker.sock/v1.24/images/create?fromImage=ghcr.io%2Fansible%2Fcreator-ee&tag=v0.17.0": dial unix /var/run/docker.sock: connect: permission denied
2023-05-06T14:41:22.345313+00:00 CRITICAL 'ansible_navigator.actions.run_d9e7._handle_message' Unhandled message from runner queue, discarded: {'event': 'verbose', 'uuid': 'edeb10ea-430a-4258-a9aa-c13d08048c79', 'counter': 1, 'stdout': 'docker: permission denied while trying to connect to the Docker daemon socket at unix:///var/run/docker.sock: Post "http://%2Fvar%2Frun%2Fdocker.sock/v1.24/containers/create?name=ansible_runner_c7b9bcaf-ffee-40af-83e0-a6771f7859ee": dial unix /var/run/docker.sock: connect: permission denied.', 'start_line': 0, 'end_line': 1, 'runner_ident': 'c7b9bcaf-ffee-40af-83e0-a6771f7859ee', 'created': '2023-05-06T14:41:22.344921'}
2023-05-06T14:41:22.345810+00:00 CRITICAL 'ansible_navigator.actions.run_d9e7._handle_message' Unhandled message from runner queue, discarded: {'event': 'verbose', 'uuid': '34329618-ea7f-41d9-a76b-02373368451e', 'counter': 2, 'stdout': "See 'docker run --help'.", 'start_line': 1, 'end_line': 2, 'runner_ident': 'c7b9bcaf-ffee-40af-83e0-a6771f7859ee', 'created': '2023-05-06T14:41:22.345135'}
2023-05-06T14:41:24.727317+00:00 WARNING 'ansible_navigator.run' Dirty exit, killing the pid
2023-05-06T14:41:30.843290+00:00 WARNING 'ansible_navigator.image_manager.puller._log_message' Image inspection failed, image assumed to be corrupted or missing
2023-05-06T14:41:30.843503+00:00 WARNING 'ansible_navigator.image_manager.puller._log_message' stdout: []

2023-05-06T14:41:30.843541+00:00 WARNING 'ansible_navigator.image_manager.puller._log_message' stderr: permission denied while trying to connect to the Docker daemon socket at unix:///var/run/docker.sock: Get "http://%2Fvar%2Frun%2Fdocker.sock/v1.24/images/ghcr.io/ansible/creator-ee:v0.17.0/json": dial unix /var/run/docker.sock: connect: permission denied

2023-05-06T14:41:30.858452+00:00 ERROR 'ansible_navigator.image_manager.puller._log_message' Execution environment pull failed
2023-05-06T14:41:30.858543+00:00 ERROR 'ansible_navigator.image_manager.puller._log_message' permission denied while trying to connect to the Docker daemon socket at unix:///var/run/docker.sock: Post "http://%2Fvar%2Frun%2Fdocker.sock/v1.24/images/create?fromImage=ghcr.io%2Fansible%2Fcreator-ee&tag=v0.17.0": dial unix /var/run/docker.sock: connect: permission denied
2023-05-06T14:41:30.974197+00:00 CRITICAL 'ansible_navigator.actions.run_ad6e._handle_message' Unhandled message from runner queue, discarded: {'event': 'verbose', 'uuid': '8932d657-10a1-493e-9b81-7d1b5e819fc4', 'counter': 1, 'stdout': 'docker: permission denied while trying to connect to the Docker daemon socket at unix:///var/run/docker.sock: Post "http://%2Fvar%2Frun%2Fdocker.sock/v1.24/containers/create?name=ansible_runner_77484fb8-9ae8-4167-83aa-5fe2a9eae8f6": dial unix /var/run/docker.sock: connect: permission denied.', 'start_line': 0, 'end_line': 1, 'runner_ident': '77484fb8-9ae8-4167-83aa-5fe2a9eae8f6', 'created': '2023-05-06T14:41:30.973908'}
2023-05-06T14:41:30.974449+00:00 CRITICAL 'ansible_navigator.actions.run_ad6e._handle_message' Unhandled message from runner queue, discarded: {'event': 'verbose', 'uuid': '8262a499-4954-411c-b76e-90ea0298ed7d', 'counter': 2, 'stdout': "See 'docker run --help'.", 'start_line': 1, 'end_line': 2, 'runner_ident': '77484fb8-9ae8-4167-83aa-5fe2a9eae8f6', 'created': '2023-05-06T14:41:30.974045'}
2023-05-06T14:41:32.757365+00:00 WARNING 'ansible_navigator.run' Dirty exit, killing the pid
